This file contains any messages produced by compilers while
running configure, to aid debugging if configure makes a mistake.

It was created by configure, which was
generated by GNU Autoconf 2.65.  Invocation command line was

  $ ./configure --host=mips-linux --disable-ipv6 --disable-bgpd --disable-ripngd --disable-ospfd --disable-ospf6d host_alias=mips-linux --no-create --no-recursion

## --------- ##
## Platform. ##
## --------- ##

hostname = centos
uname -m = i686
uname -r = 3.4.103
uname -s = Linux
uname -v = #1 SMP Mon Aug 17 15:48:39 CST 2015

/usr/bin/uname -p = unknown
/bin/uname -X     = unknown

/bin/arch              = i686
/usr/bin/arch -k       = unknown
/usr/convex/getsysinfo = unknown
/usr/bin/hostinfo      = unknown
/bin/machine           = unknown
/usr/bin/oslevel       = unknown
/bin/universe          = unknown

PATH: /opt/trendchip/mips-linux-uclibc-4.3.6-v2/usr/bin
PATH: /projects/hnd/tools/linux/hndtools-arm-linux-2.6.36-uclibc-4.5.3/bin/
PATH: /opt/trendchip/mips-linux-uclibc/usr/bin/
PATH: /opt/trendchip/mips-linux-3.4.6/bin
PATH: /opt/buildroot-gcc342/bin/
PATH: /usr/local/bin
PATH: /bin
PATH: /usr/bin
PATH: /usr/local/sbin
PATH: /usr/sbin
PATH: /sbin
PATH: /home/dbs/bin


## ----------- ##
## Core tests. ##
## ----------- ##

configure:2205: checking for a BSD-compatible install
configure:2273: result: /usr/bin/install -c
configure:2284: checking whether build environment is sane
configure:2321: result: yes
configure:2351: checking for gawk
configure:2367: found /bin/gawk
configure:2378: result: gawk
configure:2389: checking whether make sets $(MAKE)
configure:2411: result: yes
configure:2469: checking for mips-linux-strip
configure:2496: result: mips-unknown-linux-uclibc-strip
configure:2577: checking build system type
configure:2591: result: i686-pc-linux-gnu
configure:2611: checking host system type
configure:2624: result: mips-mips-linux-gnu
configure:2675: checking for mips-linux-gcc
configure:2702: result: mips-unknown-linux-uclibc-gcc
configure:2971: checking for C compiler version
configure:2980: mips-unknown-linux-uclibc-gcc --version >&5
mips-unknown-linux-uclibc-gcc (Buildroot 2012.05) 4.3.6
Copyright (C) 2008 Free Software Foundation, Inc.
This is free software; see the source for copying conditions.  There is NO
warranty; not even for MERCHANTABILITY or FITNESS FOR A PARTICULAR PURPOSE.

configure:2991: $? = 0
configure:2980: mips-unknown-linux-uclibc-gcc -v >&5
Using built-in specs.
Target: mips-unknown-linux-uclibc
Configured with: /proj/mtk04854/buildroot-2012.05/output/toolchain/gcc-4.3.6/configure --prefix=/opt/trendchip/mips-linux-uclibc-4.3.6-v2/usr --build=i686-pc-linux-gnu --host=i686-pc-linux-gnu --target=mips-unknown-linux-uclibc --enable-languages=c,c++ --with-sysroot=/opt/trendchip/mips-linux-uclibc-4.3.6-v2/usr/mips-unknown-linux-uclibc/sysroot --with-build-time-tools=/opt/trendchip/mips-linux-uclibc-4.3.6-v2/usr/mips-unknown-linux-uclibc/bin --disable-__cxa_atexit --enable-target-optspace --disable-libgomp --with-gnu-ld --disable-libssp --disable-multilib --enable-tls --enable-shared --with-gmp=/opt/trendchip/mips-linux-uclibc-4.3.6-v2/usr --with-mpfr=/opt/trendchip/mips-linux-uclibc-4.3.6-v2/usr --disable-nls --enable-threads --disable-decimal-float --with-float=soft --with-abi=32 --with-tune=mips32r2 --with-pkgversion='Buildroot 2012.05' --with-bugurl=http://bugs.buildroot.net/
Thread model: posix
gcc version 4.3.6 (Buildroot 2012.05) 
configure:2991: $? = 0
configure:2980: mips-unknown-linux-uclibc-gcc -V >&5
mips-unknown-linux-uclibc-gcc: '-V' option must have argument
configure:2991: $? = 1
configure:2980: mips-unknown-linux-uclibc-gcc -qversion >&5
mips-unknown-linux-uclibc-gcc: unrecognized option '-qversion'
mips-unknown-linux-uclibc-gcc: no input files
configure:2991: $? = 1
configure:3011: checking whether the C compiler works
configure:3033: mips-unknown-linux-uclibc-gcc    conftest.c  >&5
configure:3037: $? = 0
configure:3086: result: yes
configure:3089: checking for C compiler default output file name
configure:3091: result: a.out
configure:3097: checking for suffix of executables
configure:3104: mips-unknown-linux-uclibc-gcc -o conftest    conftest.c  >&5
configure:3108: $? = 0
configure:3130: result: 
configure:3152: checking whether we are cross compiling
configure:3160: mips-unknown-linux-uclibc-gcc -o conftest    conftest.c  >&5
configure:3164: $? = 0
configure:3171: ./conftest
./configure: line 3173: ./conftest: cannot execute binary file
configure:3175: $? = 126
configure:3190: result: yes
configure:3195: checking for suffix of object files
configure:3217: mips-unknown-linux-uclibc-gcc -c   conftest.c >&5
configure:3221: $? = 0
configure:3242: result: o
configure:3246: checking whether we are using the GNU C compiler
configure:3265: mips-unknown-linux-uclibc-gcc -c   conftest.c >&5
configure:3265: $? = 0
configure:3274: result: yes
configure:3283: checking whether mips-unknown-linux-uclibc-gcc accepts -g
configure:3303: mips-unknown-linux-uclibc-gcc -c -g  conftest.c >&5
configure:3303: $? = 0
configure:3344: result: yes
configure:3361: checking for mips-unknown-linux-uclibc-gcc option to accept ISO C89
configure:3425: mips-unknown-linux-uclibc-gcc  -c -g -O2  conftest.c >&5
configure:3425: $? = 0
configure:3438: result: none needed
configure:3477: checking for style of include used by make
configure:3505: result: GNU
configure:3533: checking dependency style of mips-unknown-linux-uclibc-gcc
configure:3595: result: gcc3
configure:3615: checking how to run the C preprocessor
configure:3646: mips-unknown-linux-uclibc-gcc -E  conftest.c
configure:3646: $? = 0
configure:3660: mips-unknown-linux-uclibc-gcc -E  conftest.c
conftest.c:11:28: error: ac_nonexistent.h: No such file or directory
configure:3660: $? = 1
configure: failed program was:
| /* confdefs.h */
| #define PACKAGE_NAME ""
| #define PACKAGE_TARNAME ""
| #define PACKAGE_VERSION ""
| #define PACKAGE_STRING ""
| #define PACKAGE_BUGREPORT ""
| #define PACKAGE_URL ""
| #define PACKAGE "zebra"
| #define VERSION "0.95"
| /* end confdefs.h.  */
| #include <ac_nonexistent.h>
configure:3685: result: mips-unknown-linux-uclibc-gcc -E
configure:3705: mips-unknown-linux-uclibc-gcc -E  conftest.c
configure:3705: $? = 0
configure:3719: mips-unknown-linux-uclibc-gcc -E  conftest.c
conftest.c:11:28: error: ac_nonexistent.h: No such file or directory
configure:3719: $? = 1
configure: failed program was:
| /* confdefs.h */
| #define PACKAGE_NAME ""
| #define PACKAGE_TARNAME ""
| #define PACKAGE_VERSION ""
| #define PACKAGE_STRING ""
| #define PACKAGE_BUGREPORT ""
| #define PACKAGE_URL ""
| #define PACKAGE "zebra"
| #define VERSION "0.95"
| /* end confdefs.h.  */
| #include <ac_nonexistent.h>
configure:3748: checking whether make sets $(MAKE)
configure:3770: result: yes
configure:3782: checking for mips-linux-ar
configure:3809: result: mips-unknown-linux-uclibc-ar
configure:3874: checking for mips-linux-ranlib
configure:3901: result: mips-unknown-linux-uclibc-ranlib
configure:3966: checking for grep that handles long lines and -e
configure:4024: result: /bin/grep
configure:4029: checking for egrep
configure:4091: result: /bin/grep -E
configure:4096: checking for ANSI C header files
configure:4116: mips-unknown-linux-uclibc-gcc -c -g -O2 -Wall  conftest.c >&5
configure:4116: $? = 0
configure:4200: result: yes
configure:4213: checking for sys/types.h
configure:4213: mips-unknown-linux-uclibc-gcc -c -g -O2 -Wall  conftest.c >&5
configure:4213: $? = 0
configure:4213: result: yes
configure:4213: checking for sys/stat.h
configure:4213: mips-unknown-linux-uclibc-gcc -c -g -O2 -Wall  conftest.c >&5
configure:4213: $? = 0
configure:4213: result: yes
configure:4213: checking for stdlib.h
configure:4213: mips-unknown-linux-uclibc-gcc -c -g -O2 -Wall  conftest.c >&5
configure:4213: $? = 0
configure:4213: result: yes
configure:4213: checking for string.h
configure:4213: mips-unknown-linux-uclibc-gcc -c -g -O2 -Wall  conftest.c >&5
configure:4213: $? = 0
configure:4213: result: yes
configure:4213: checking for memory.h
configure:4213: mips-unknown-linux-uclibc-gcc -c -g -O2 -Wall  conftest.c >&5
configure:4213: $? = 0
configure:4213: result: yes
configure:4213: checking for strings.h
configure:4213: mips-unknown-linux-uclibc-gcc -c -g -O2 -Wall  conftest.c >&5
configure:4213: $? = 0
configure:4213: result: yes
configure:4213: checking for inttypes.h
configure:4213: mips-unknown-linux-uclibc-gcc -c -g -O2 -Wall  conftest.c >&5
configure:4213: $? = 0
configure:4213: result: yes
configure:4213: checking for stdint.h
configure:4213: mips-unknown-linux-uclibc-gcc -c -g -O2 -Wall  conftest.c >&5
configure:4213: $? = 0
configure:4213: result: yes
configure:4213: checking for unistd.h
configure:4213: mips-unknown-linux-uclibc-gcc -c -g -O2 -Wall  conftest.c >&5
configure:4213: $? = 0
configure:4213: result: yes
configure:4227: checking minix/config.h usability
configure:4227: mips-unknown-linux-uclibc-gcc -c -g -O2 -Wall  conftest.c >&5
conftest.c:54:26: error: minix/config.h: No such file or directory
configure:4227: $? = 1
configure: failed program was:
| /* confdefs.h */
| #define PACKAGE_NAME ""
| #define PACKAGE_TARNAME ""
| #define PACKAGE_VERSION ""
| #define PACKAGE_STRING ""
| #define PACKAGE_BUGREPORT ""
| #define PACKAGE_URL ""
| #define PACKAGE "zebra"
| #define VERSION "0.95"
| #define STDC_HEADERS 1
| #define HAVE_SYS_TYPES_H 1
| #define HAVE_SYS_STAT_H 1
| #define HAVE_STDLIB_H 1
| #define HAVE_STRING_H 1
| #define HAVE_MEMORY_H 1
| #define HAVE_STRINGS_H 1
| #define HAVE_INTTYPES_H 1
| #define HAVE_STDINT_H 1
| #define HAVE_UNISTD_H 1
| /* end confdefs.h.  */
| #include <stdio.h>
| #ifdef HAVE_SYS_TYPES_H
| # include <sys/types.h>
| #endif
| #ifdef HAVE_SYS_STAT_H
| # include <sys/stat.h>
| #endif
| #ifdef STDC_HEADERS
| # include <stdlib.h>
| # include <stddef.h>
| #else
| # ifdef HAVE_STDLIB_H
| #  include <stdlib.h>
| # endif
| #endif
| #ifdef HAVE_STRING_H
| # if !defined STDC_HEADERS && defined HAVE_MEMORY_H
| #  include <memory.h>
| # endif
| # include <string.h>
| #endif
| #ifdef HAVE_STRINGS_H
| # include <strings.h>
| #endif
| #ifdef HAVE_INTTYPES_H
| # include <inttypes.h>
| #endif
| #ifdef HAVE_STDINT_H
| # include <stdint.h>
| #endif
| #ifdef HAVE_UNISTD_H
| # include <unistd.h>
| #endif
| #include <minix/config.h>
configure:4227: result: no
configure:4227: checking minix/config.h presence
configure:4227: mips-unknown-linux-uclibc-gcc -E  conftest.c
conftest.c:21:26: error: minix/config.h: No such file or directory
configure:4227: $? = 1
configure: failed program was:
| /* confdefs.h */
| #define PACKAGE_NAME ""
| #define PACKAGE_TARNAME ""
| #define PACKAGE_VERSION ""
| #define PACKAGE_STRING ""
| #define PACKAGE_BUGREPORT ""
| #define PACKAGE_URL ""
| #define PACKAGE "zebra"
| #define VERSION "0.95"
| #define STDC_HEADERS 1
| #define HAVE_SYS_TYPES_H 1
| #define HAVE_SYS_STAT_H 1
| #define HAVE_STDLIB_H 1
| #define HAVE_STRING_H 1
| #define HAVE_MEMORY_H 1
| #define HAVE_STRINGS_H 1
| #define HAVE_INTTYPES_H 1
| #define HAVE_STDINT_H 1
| #define HAVE_UNISTD_H 1
| /* end confdefs.h.  */
| #include <minix/config.h>
configure:4227: result: no
configure:4227: checking for minix/config.h
configure:4227: result: no
configure:4248: checking whether it is safe to define __EXTENSIONS__
configure:4266: mips-unknown-linux-uclibc-gcc -c -g -O2 -Wall  conftest.c >&5
configure:4266: $? = 0
configure:4273: result: yes
configure:4454: checking for ANSI C header files
configure:4558: result: yes
configure:4569: checking for string.h
configure:4569: result: yes
configure:4569: checking stropts.h usability
configure:4569: mips-unknown-linux-uclibc-gcc -c -g -O2 -Wall  conftest.c >&5
conftest.c:61:21: error: stropts.h: No such file or directory
configure:4569: $? = 1
configure: failed program was:
| /* confdefs.h */
| #define PACKAGE_NAME ""
| #define PACKAGE_TARNAME ""
| #define PACKAGE_VERSION ""
| #define PACKAGE_STRING ""
| #define PACKAGE_BUGREPORT ""
| #define PACKAGE_URL ""
| #define PACKAGE "zebra"
| #define VERSION "0.95"
| #define STDC_HEADERS 1
| #define HAVE_SYS_TYPES_H 1
| #define HAVE_SYS_STAT_H 1
| #define HAVE_STDLIB_H 1
| #define HAVE_STRING_H 1
| #define HAVE_MEMORY_H 1
| #define HAVE_STRINGS_H 1
| #define HAVE_INTTYPES_H 1
| #define HAVE_STDINT_H 1
| #define HAVE_UNISTD_H 1
| #define __EXTENSIONS__ 1
| #define _ALL_SOURCE 1
| #define _GNU_SOURCE 1
| #define _POSIX_PTHREAD_SEMANTICS 1
| #define _TANDEM_SOURCE 1
| #define STDC_HEADERS 1
| #define HAVE_STRING_H 1
| /* end confdefs.h.  */
| #include <stdio.h>
| #ifdef HAVE_SYS_TYPES_H
| # include <sys/types.h>
| #endif
| #ifdef HAVE_SYS_STAT_H
| # include <sys/stat.h>
| #endif
| #ifdef STDC_HEADERS
| # include <stdlib.h>
| # include <stddef.h>
| #else
| # ifdef HAVE_STDLIB_H
| #  include <stdlib.h>
| # endif
| #endif
| #ifdef HAVE_STRING_H
| # if !defined STDC_HEADERS && defined HAVE_MEMORY_H
| #  include <memory.h>
| # endif
| # include <string.h>
| #endif
| #ifdef HAVE_STRINGS_H
| # include <strings.h>
| #endif
| #ifdef HAVE_INTTYPES_H
| # include <inttypes.h>
| #endif
| #ifdef HAVE_STDINT_H
| # include <stdint.h>
| #endif
| #ifdef HAVE_UNISTD_H
| # include <unistd.h>
| #endif
| #include <stropts.h>
configure:4569: result: no
configure:4569: checking stropts.h presence
configure:4569: mips-unknown-linux-uclibc-gcc -E  conftest.c
conftest.c:28:21: error: stropts.h: No such file or directory
configure:4569: $? = 1
configure: failed program was:
| /* confdefs.h */
| #define PACKAGE_NAME ""
| #define PACKAGE_TARNAME ""
| #define PACKAGE_VERSION ""
| #define PACKAGE_STRING ""
| #define PACKAGE_BUGREPORT ""
| #define PACKAGE_URL ""
| #define PACKAGE "zebra"
| #define VERSION "0.95"
| #define STDC_HEADERS 1
| #define HAVE_SYS_TYPES_H 1
| #define HAVE_SYS_STAT_H 1
| #define HAVE_STDLIB_H 1
| #define HAVE_STRING_H 1
| #define HAVE_MEMORY_H 1
| #define HAVE_STRINGS_H 1
| #define HAVE_INTTYPES_H 1
| #define HAVE_STDINT_H 1
| #define HAVE_UNISTD_H 1
| #define __EXTENSIONS__ 1
| #define _ALL_SOURCE 1
| #define _GNU_SOURCE 1
| #define _POSIX_PTHREAD_SEMANTICS 1
| #define _TANDEM_SOURCE 1
| #define STDC_HEADERS 1
| #define HAVE_STRING_H 1
| /* end confdefs.h.  */
| #include <stropts.h>
configure:4569: result: no
configure:4569: checking for stropts.h
configure:4569: result: no
configure:4569: checking sys/conf.h usability
configure:4569: mips-unknown-linux-uclibc-gcc -c -g -O2 -Wall  conftest.c >&5
conftest.c:61:22: error: sys/conf.h: No such file or directory
configure:4569: $? = 1
configure: failed program was:
| /* confdefs.h */
| #define PACKAGE_NAME ""
| #define PACKAGE_TARNAME ""
| #define PACKAGE_VERSION ""
| #define PACKAGE_STRING ""
| #define PACKAGE_BUGREPORT ""
| #define PACKAGE_URL ""
| #define PACKAGE "zebra"
| #define VERSION "0.95"
| #define STDC_HEADERS 1
| #define HAVE_SYS_TYPES_H 1
| #define HAVE_SYS_STAT_H 1
| #define HAVE_STDLIB_H 1
| #define HAVE_STRING_H 1
| #define HAVE_MEMORY_H 1
| #define HAVE_STRINGS_H 1
| #define HAVE_INTTYPES_H 1
| #define HAVE_STDINT_H 1
| #define HAVE_UNISTD_H 1
| #define __EXTENSIONS__ 1
| #define _ALL_SOURCE 1
| #define _GNU_SOURCE 1
| #define _POSIX_PTHREAD_SEMANTICS 1
| #define _TANDEM_SOURCE 1
| #define STDC_HEADERS 1
| #define HAVE_STRING_H 1
| /* end confdefs.h.  */
| #include <stdio.h>
| #ifdef HAVE_SYS_TYPES_H
| # include <sys/types.h>
| #endif
| #ifdef HAVE_SYS_STAT_H
| # include <sys/stat.h>
| #endif
| #ifdef STDC_HEADERS
| # include <stdlib.h>
| # include <stddef.h>
| #else
| # ifdef HAVE_STDLIB_H
| #  include <stdlib.h>
| # endif
| #endif
| #ifdef HAVE_STRING_H
| # if !defined STDC_HEADERS && defined HAVE_MEMORY_H
| #  include <memory.h>
| # endif
| # include <string.h>
| #endif
| #ifdef HAVE_STRINGS_H
| # include <strings.h>
| #endif
| #ifdef HAVE_INTTYPES_H
| # include <inttypes.h>
| #endif
| #ifdef HAVE_STDINT_H
| # include <stdint.h>
| #endif
| #ifdef HAVE_UNISTD_H
| # include <unistd.h>
| #endif
| #include <sys/conf.h>
configure:4569: result: no
configure:4569: checking sys/conf.h presence
configure:4569: mips-unknown-linux-uclibc-gcc -E  conftest.c
conftest.c:28:22: error: sys/conf.h: No such file or directory
configure:4569: $? = 1
configure: failed program was:
| /* confdefs.h */
| #define PACKAGE_NAME ""
| #define PACKAGE_TARNAME ""
| #define PACKAGE_VERSION ""
| #define PACKAGE_STRING ""
| #define PACKAGE_BUGREPORT ""
| #define PACKAGE_URL ""
| #define PACKAGE "zebra"
| #define VERSION "0.95"
| #define STDC_HEADERS 1
| #define HAVE_SYS_TYPES_H 1
| #define HAVE_SYS_STAT_H 1
| #define HAVE_STDLIB_H 1
| #define HAVE_STRING_H 1
| #define HAVE_MEMORY_H 1
| #define HAVE_STRINGS_H 1
| #define HAVE_INTTYPES_H 1
| #define HAVE_STDINT_H 1
| #define HAVE_UNISTD_H 1
| #define __EXTENSIONS__ 1
| #define _ALL_SOURCE 1
| #define _GNU_SOURCE 1
| #define _POSIX_PTHREAD_SEMANTICS 1
| #define _TANDEM_SOURCE 1
| #define STDC_HEADERS 1
| #define HAVE_STRING_H 1
| /* end confdefs.h.  */
| #include <sys/conf.h>
configure:4569: result: no
configure:4569: checking for sys/conf.h
configure:4569: result: no
configure:4569: checking sys/ksym.h usability
configure:4569: mips-unknown-linux-uclibc-gcc -c -g -O2 -Wall  conftest.c >&5
conftest.c:61:22: error: sys/ksym.h: No such file or directory
configure:4569: $? = 1
configure: failed program was:
| /* confdefs.h */
| #define PACKAGE_NAME ""
| #define PACKAGE_TARNAME ""
| #define PACKAGE_VERSION ""
| #define PACKAGE_STRING ""
| #define PACKAGE_BUGREPORT ""
| #define PACKAGE_URL ""
| #define PACKAGE "zebra"
| #define VERSION "0.95"
| #define STDC_HEADERS 1
| #define HAVE_SYS_TYPES_H 1
| #define HAVE_SYS_STAT_H 1
| #define HAVE_STDLIB_H 1
| #define HAVE_STRING_H 1
| #define HAVE_MEMORY_H 1
| #define HAVE_STRINGS_H 1
| #define HAVE_INTTYPES_H 1
| #define HAVE_STDINT_H 1
| #define HAVE_UNISTD_H 1
| #define __EXTENSIONS__ 1
| #define _ALL_SOURCE 1
| #define _GNU_SOURCE 1
| #define _POSIX_PTHREAD_SEMANTICS 1
| #define _TANDEM_SOURCE 1
| #define STDC_HEADERS 1
| #define HAVE_STRING_H 1
| /* end confdefs.h.  */
| #include <stdio.h>
| #ifdef HAVE_SYS_TYPES_H
| # include <sys/types.h>
| #endif
| #ifdef HAVE_SYS_STAT_H
| # include <sys/stat.h>
| #endif
| #ifdef STDC_HEADERS
| # include <stdlib.h>
| # include <stddef.h>
| #else
| # ifdef HAVE_STDLIB_H
| #  include <stdlib.h>
| # endif
| #endif
| #ifdef HAVE_STRING_H
| # if !defined STDC_HEADERS && defined HAVE_MEMORY_H
| #  include <memory.h>
| # endif
| # include <string.h>
| #endif
| #ifdef HAVE_STRINGS_H
| # include <strings.h>
| #endif
| #ifdef HAVE_INTTYPES_H
| # include <inttypes.h>
| #endif
| #ifdef HAVE_STDINT_H
| # include <stdint.h>
| #endif
| #ifdef HAVE_UNISTD_H
| # include <unistd.h>
| #endif
| #include <sys/ksym.h>
configure:4569: result: no
configure:4569: checking sys/ksym.h presence
configure:4569: mips-unknown-linux-uclibc-gcc -E  conftest.c
conftest.c:28:22: error: sys/ksym.h: No such file or directory
configure:4569: $? = 1
configure: failed program was:
| /* confdefs.h */
| #define PACKAGE_NAME ""
| #define PACKAGE_TARNAME ""
| #define PACKAGE_VERSION ""
| #define PACKAGE_STRING ""
| #define PACKAGE_BUGREPORT ""
| #define PACKAGE_URL ""
| #define PACKAGE "zebra"
| #define VERSION "0.95"
| #define STDC_HEADERS 1
| #define HAVE_SYS_TYPES_H 1
| #define HAVE_SYS_STAT_H 1
| #define HAVE_STDLIB_H 1
| #define HAVE_STRING_H 1
| #define HAVE_MEMORY_H 1
| #define HAVE_STRINGS_H 1
| #define HAVE_INTTYPES_H 1
| #define HAVE_STDINT_H 1
| #define HAVE_UNISTD_H 1
| #define __EXTENSIONS__ 1
| #define _ALL_SOURCE 1
| #define _GNU_SOURCE 1
| #define _POSIX_PTHREAD_SEMANTICS 1
| #define _TANDEM_SOURCE 1
| #define STDC_HEADERS 1
| #define HAVE_STRING_H 1
| /* end confdefs.h.  */
| #include <sys/ksym.h>
configure:4569: result: no
configure:4569: checking for sys/ksym.h
configure:4569: result: no
configure:4569: checking sys/time.h usability
configure:4569: mips-unknown-linux-uclibc-gcc -c -g -O2 -Wall  conftest.c >&5
configure:4569: $? = 0
configure:4569: result: yes
configure:4569: checking sys/time.h presence
configure:4569: mips-unknown-linux-uclibc-gcc -E  conftest.c
configure:4569: $? = 0
configure:4569: result: yes
configure:4569: checking for sys/time.h
configure:4569: result: yes
configure:4569: checking sys/times.h usability
configure:4569: mips-unknown-linux-uclibc-gcc -c -g -O2 -Wall  conftest.c >&5
configure:4569: $? = 0
configure:4569: result: yes
configure:4569: checking sys/times.h presence
configure:4569: mips-unknown-linux-uclibc-gcc -E  conftest.c
configure:4569: $? = 0
configure:4569: result: yes
configure:4569: checking for sys/times.h
configure:4569: result: yes
configure:4569: checking sys/select.h usability
configure:4569: mips-unknown-linux-uclibc-gcc -c -g -O2 -Wall  conftest.c >&5
configure:4569: $? = 0
configure:4569: result: yes
configure:4569: checking sys/select.h presence
configure:4569: mips-unknown-linux-uclibc-gcc -E  conftest.c
configure:4569: $? = 0
configure:4569: result: yes
configure:4569: checking for sys/select.h
configure:4569: result: yes
configure:4569: checking sys/sysctl.h usability
configure:4569: mips-unknown-linux-uclibc-gcc -c -g -O2 -Wall  conftest.c >&5
configure:4569: $? = 0
configure:4569: result: yes
configure:4569: checking sys/sysctl.h presence
configure:4569: mips-unknown-linux-uclibc-gcc -E  conftest.c
configure:4569: $? = 0
configure:4569: result: yes
configure:4569: checking for sys/sysctl.h
configure:4569: result: yes
configure:4569: checking sys/sockio.h usability
configure:4569: mips-unknown-linux-uclibc-gcc -c -g -O2 -Wall  conftest.c >&5
conftest.c:65:24: error: sys/sockio.h: No such file or directory
configure:4569: $? = 1
configure: failed program was:
| /* confdefs.h */
| #define PACKAGE_NAME ""
| #define PACKAGE_TARNAME ""
| #define PACKAGE_VERSION ""
| #define PACKAGE_STRING ""
| #define PACKAGE_BUGREPORT ""
| #define PACKAGE_URL ""
| #define PACKAGE "zebra"
| #define VERSION "0.95"
| #define STDC_HEADERS 1
| #define HAVE_SYS_TYPES_H 1
| #define HAVE_SYS_STAT_H 1
| #define HAVE_STDLIB_H 1
| #define HAVE_STRING_H 1
| #define HAVE_MEMORY_H 1
| #define HAVE_STRINGS_H 1
| #define HAVE_INTTYPES_H 1
| #define HAVE_STDINT_H 1
| #define HAVE_UNISTD_H 1
| #define __EXTENSIONS__ 1
| #define _ALL_SOURCE 1
| #define _GNU_SOURCE 1
| #define _POSIX_PTHREAD_SEMANTICS 1
| #define _TANDEM_SOURCE 1
| #define STDC_HEADERS 1
| #define HAVE_STRING_H 1
| #define HAVE_SYS_TIME_H 1
| #define HAVE_SYS_TIMES_H 1
| #define HAVE_SYS_SELECT_H 1
| #define HAVE_SYS_SYSCTL_H 1
| /* end confdefs.h.  */
| #include <stdio.h>
| #ifdef HAVE_SYS_TYPES_H
| # include <sys/types.h>
| #endif
| #ifdef HAVE_SYS_STAT_H
| # include <sys/stat.h>
| #endif
| #ifdef STDC_HEADERS
| # include <stdlib.h>
| # include <stddef.h>
| #else
| # ifdef HAVE_STDLIB_H
| #  include <stdlib.h>
| # endif
| #endif
| #ifdef HAVE_STRING_H
| # if !defined STDC_HEADERS && defined HAVE_MEMORY_H
| #  include <memory.h>
| # endif
| # include <string.h>
| #endif
| #ifdef HAVE_STRINGS_H
| # include <strings.h>
| #endif
| #ifdef HAVE_INTTYPES_H
| # include <inttypes.h>
| #endif
| #ifdef HAVE_STDINT_H
| # include <stdint.h>
| #endif
| #ifdef HAVE_UNISTD_H
| # include <unistd.h>
| #endif
| #include <sys/sockio.h>
configure:4569: result: no
configure:4569: checking sys/sockio.h presence
configure:4569: mips-unknown-linux-uclibc-gcc -E  conftest.c
conftest.c:32:24: error: sys/sockio.h: No such file or directory
configure:4569: $? = 1
configure: failed program was:
| /* confdefs.h */
| #define PACKAGE_NAME ""
| #define PACKAGE_TARNAME ""
| #define PACKAGE_VERSION ""
| #define PACKAGE_STRING ""
| #define PACKAGE_BUGREPORT ""
| #define PACKAGE_URL ""
| #define PACKAGE "zebra"
| #define VERSION "0.95"
| #define STDC_HEADERS 1
| #define HAVE_SYS_TYPES_H 1
| #define HAVE_SYS_STAT_H 1
| #define HAVE_STDLIB_H 1
| #define HAVE_STRING_H 1
| #define HAVE_MEMORY_H 1
| #define HAVE_STRINGS_H 1
| #define HAVE_INTTYPES_H 1
| #define HAVE_STDINT_H 1
| #define HAVE_UNISTD_H 1
| #define __EXTENSIONS__ 1
| #define _ALL_SOURCE 1
| #define _GNU_SOURCE 1
| #define _POSIX_PTHREAD_SEMANTICS 1
| #define _TANDEM_SOURCE 1
| #define STDC_HEADERS 1
| #define HAVE_STRING_H 1
| #define HAVE_SYS_TIME_H 1
| #define HAVE_SYS_TIMES_H 1
| #define HAVE_SYS_SELECT_H 1
| #define HAVE_SYS_SYSCTL_H 1
| /* end confdefs.h.  */
| #include <sys/sockio.h>
configure:4569: result: no
configure:4569: checking for sys/sockio.h
configure:4569: result: no
configure:4569: checking for sys/types.h
configure:4569: result: yes
configure:4569: checking net/if_dl.h usability
configure:4569: mips-unknown-linux-uclibc-gcc -c -g -O2 -Wall  conftest.c >&5
conftest.c:66:23: error: net/if_dl.h: No such file or directory
configure:4569: $? = 1
configure: failed program was:
| /* confdefs.h */
| #define PACKAGE_NAME ""
| #define PACKAGE_TARNAME ""
| #define PACKAGE_VERSION ""
| #define PACKAGE_STRING ""
| #define PACKAGE_BUGREPORT ""
| #define PACKAGE_URL ""
| #define PACKAGE "zebra"
| #define VERSION "0.95"
| #define STDC_HEADERS 1
| #define HAVE_SYS_TYPES_H 1
| #define HAVE_SYS_STAT_H 1
| #define HAVE_STDLIB_H 1
| #define HAVE_STRING_H 1
| #define HAVE_MEMORY_H 1
| #define HAVE_STRINGS_H 1
| #define HAVE_INTTYPES_H 1
| #define HAVE_STDINT_H 1
| #define HAVE_UNISTD_H 1
| #define __EXTENSIONS__ 1
| #define _ALL_SOURCE 1
| #define _GNU_SOURCE 1
| #define _POSIX_PTHREAD_SEMANTICS 1
| #define _TANDEM_SOURCE 1
| #define STDC_HEADERS 1
| #define HAVE_STRING_H 1
| #define HAVE_SYS_TIME_H 1
| #define HAVE_SYS_TIMES_H 1
| #define HAVE_SYS_SELECT_H 1
| #define HAVE_SYS_SYSCTL_H 1
| #define HAVE_SYS_TYPES_H 1
| /* end confdefs.h.  */
| #include <stdio.h>
| #ifdef HAVE_SYS_TYPES_H
| # include <sys/types.h>
| #endif
| #ifdef HAVE_SYS_STAT_H
| # include <sys/stat.h>
| #endif
| #ifdef STDC_HEADERS
| # include <stdlib.h>
| # include <stddef.h>
| #else
| # ifdef HAVE_STDLIB_H
| #  include <stdlib.h>
| # endif
| #endif
| #ifdef HAVE_STRING_H
| # if !defined STDC_HEADERS && defined HAVE_MEMORY_H
| #  include <memory.h>
| # endif
| # include <string.h>
| #endif
| #ifdef HAVE_STRINGS_H
| # include <strings.h>
| #endif
| #ifdef HAVE_INTTYPES_H
| # include <inttypes.h>
| #endif
| #ifdef HAVE_STDINT_H
| # include <stdint.h>
| #endif
| #ifdef HAVE_UNISTD_H
| # include <unistd.h>
| #endif
| #include <net/if_dl.h>
configure:4569: result: no
configure:4569: checking net/if_dl.h presence
configure:4569: mips-unknown-linux-uclibc-gcc -E  conftest.c
conftest.c:33:23: error: net/if_dl.h: No such file or directory
configure:4569: $? = 1
configure: failed program was:
| /* confdefs.h */
| #define PACKAGE_NAME ""
| #define PACKAGE_TARNAME ""
| #define PACKAGE_VERSION ""
| #define PACKAGE_STRING ""
| #define PACKAGE_BUGREPORT ""
| #define PACKAGE_URL ""
| #define PACKAGE "zebra"
| #define VERSION "0.95"
| #define STDC_HEADERS 1
| #define HAVE_SYS_TYPES_H 1
| #define HAVE_SYS_STAT_H 1
| #define HAVE_STDLIB_H 1
| #define HAVE_STRING_H 1
| #define HAVE_MEMORY_H 1
| #define HAVE_STRINGS_H 1
| #define HAVE_INTTYPES_H 1
| #define HAVE_STDINT_H 1
| #define HAVE_UNISTD_H 1
| #define __EXTENSIONS__ 1
| #define _ALL_SOURCE 1
| #define _GNU_SOURCE 1
| #define _POSIX_PTHREAD_SEMANTICS 1
| #define _TANDEM_SOURCE 1
| #define STDC_HEADERS 1
| #define HAVE_STRING_H 1
| #define HAVE_SYS_TIME_H 1
| #define HAVE_SYS_TIMES_H 1
| #define HAVE_SYS_SELECT_H 1
| #define HAVE_SYS_SYSCTL_H 1
| #define HAVE_SYS_TYPES_H 1
| /* end confdefs.h.  */
| #include <net/if_dl.h>
configure:4569: result: no
configure:4569: checking for net/if_dl.h
configure:4569: result: no
configure:4569: checking net/if_var.h usability
configure:4569: mips-unknown-linux-uclibc-gcc -c -g -O2 -Wall  conftest.c >&5
conftest.c:66:24: error: net/if_var.h: No such file or directory
configure:4569: $? = 1
configure: failed program was:
| /* confdefs.h */
| #define PACKAGE_NAME ""
| #define PACKAGE_TARNAME ""
| #define PACKAGE_VERSION ""
| #define PACKAGE_STRING ""
| #define PACKAGE_BUGREPORT ""
| #define PACKAGE_URL ""
| #define PACKAGE "zebra"
| #define VERSION "0.95"
| #define STDC_HEADERS 1
| #define HAVE_SYS_TYPES_H 1
| #define HAVE_SYS_STAT_H 1
| #define HAVE_STDLIB_H 1
| #define HAVE_STRING_H 1
| #define HAVE_MEMORY_H 1
| #define HAVE_STRINGS_H 1
| #define HAVE_INTTYPES_H 1
| #define HAVE_STDINT_H 1
| #define HAVE_UNISTD_H 1
| #define __EXTENSIONS__ 1
| #define _ALL_SOURCE 1
| #define _GNU_SOURCE 1
| #define _POSIX_PTHREAD_SEMANTICS 1
| #define _TANDEM_SOURCE 1
| #define STDC_HEADERS 1
| #define HAVE_STRING_H 1
| #define HAVE_SYS_TIME_H 1
| #define HAVE_SYS_TIMES_H 1
| #define HAVE_SYS_SELECT_H 1
| #define HAVE_SYS_SYSCTL_H 1
| #define HAVE_SYS_TYPES_H 1
| /* end confdefs.h.  */
| #include <stdio.h>
| #ifdef HAVE_SYS_TYPES_H
| # include <sys/types.h>
| #endif
| #ifdef HAVE_SYS_STAT_H
| # include <sys/stat.h>
| #endif
| #ifdef STDC_HEADERS
| # include <stdlib.h>
| # include <stddef.h>
| #else
| # ifdef HAVE_STDLIB_H
| #  include <stdlib.h>
| # endif
| #endif
| #ifdef HAVE_STRING_H
| # if !defined STDC_HEADERS && defined HAVE_MEMORY_H
| #  include <memory.h>
| # endif
| # include <string.h>
| #endif
| #ifdef HAVE_STRINGS_H
| # include <strings.h>
| #endif
| #ifdef HAVE_INTTYPES_H
| # include <inttypes.h>
| #endif
| #ifdef HAVE_STDINT_H
| # include <stdint.h>
| #endif
| #ifdef HAVE_UNISTD_H
| # include <unistd.h>
| #endif
| #include <net/if_var.h>
configure:4569: result: no
configure:4569: checking net/if_var.h presence
configure:4569: mips-unknown-linux-uclibc-gcc -E  conftest.c
conftest.c:33:24: error: net/if_var.h: No such file or directory
configure:4569: $? = 1
configure: failed program was:
| /* confdefs.h */
| #define PACKAGE_NAME ""
| #define PACKAGE_TARNAME ""
| #define PACKAGE_VERSION ""
| #define PACKAGE_STRING ""
| #define PACKAGE_BUGREPORT ""
| #define PACKAGE_URL ""
| #define PACKAGE "zebra"
| #define VERSION "0.95"
| #define STDC_HEADERS 1
| #define HAVE_SYS_TYPES_H 1
| #define HAVE_SYS_STAT_H 1
| #define HAVE_STDLIB_H 1
| #define HAVE_STRING_H 1
| #define HAVE_MEMORY_H 1
| #define HAVE_STRINGS_H 1
| #define HAVE_INTTYPES_H 1
| #define HAVE_STDINT_H 1
| #define HAVE_UNISTD_H 1
| #define __EXTENSIONS__ 1
| #define _ALL_SOURCE 1
| #define _GNU_SOURCE 1
| #define _POSIX_PTHREAD_SEMANTICS 1
| #define _TANDEM_SOURCE 1
| #define STDC_HEADERS 1
| #define HAVE_STRING_H 1
| #define HAVE_SYS_TIME_H 1
| #define HAVE_SYS_TIMES_H 1
| #define HAVE_SYS_SELECT_H 1
| #define HAVE_SYS_SYSCTL_H 1
| #define HAVE_SYS_TYPES_H 1
| /* end confdefs.h.  */
| #include <net/if_var.h>
configure:4569: result: no
configure:4569: checking for net/if_var.h
configure:4569: result: no
configure:4569: checking linux/version.h usability
configure:4569: mips-unknown-linux-uclibc-gcc -c -g -O2 -Wall  conftest.c >&5
configure:4569: $? = 0
configure:4569: result: yes
configure:4569: checking linux/version.h presence
configure:4569: mips-unknown-linux-uclibc-gcc -E  conftest.c
configure:4569: $? = 0
configure:4569: result: yes
configure:4569: checking for linux/version.h
configure:4569: result: yes
configure:4569: checking kvm.h usability
configure:4569: mips-unknown-linux-uclibc-gcc -c -g -O2 -Wall  conftest.c >&5
conftest.c:67:17: error: kvm.h: No such file or directory
configure:4569: $? = 1
configure: failed program was:
| /* confdefs.h */
| #define PACKAGE_NAME ""
| #define PACKAGE_TARNAME ""
| #define PACKAGE_VERSION ""
| #define PACKAGE_STRING ""
| #define PACKAGE_BUGREPORT ""
| #define PACKAGE_URL ""
| #define PACKAGE "zebra"
| #define VERSION "0.95"
| #define STDC_HEADERS 1
| #define HAVE_SYS_TYPES_H 1
| #define HAVE_SYS_STAT_H 1
| #define HAVE_STDLIB_H 1
| #define HAVE_STRING_H 1
| #define HAVE_MEMORY_H 1
| #define HAVE_STRINGS_H 1
| #define HAVE_INTTYPES_H 1
| #define HAVE_STDINT_H 1
| #define HAVE_UNISTD_H 1
| #define __EXTENSIONS__ 1
| #define _ALL_SOURCE 1
| #define _GNU_SOURCE 1
| #define _POSIX_PTHREAD_SEMANTICS 1
| #define _TANDEM_SOURCE 1
| #define STDC_HEADERS 1
| #define HAVE_STRING_H 1
| #define HAVE_SYS_TIME_H 1
| #define HAVE_SYS_TIMES_H 1
| #define HAVE_SYS_SELECT_H 1
| #define HAVE_SYS_SYSCTL_H 1
| #define HAVE_SYS_TYPES_H 1
| #define HAVE_LINUX_VERSION_H 1
| /* end confdefs.h.  */
| #include <stdio.h>
| #ifdef HAVE_SYS_TYPES_H
| # include <sys/types.h>
| #endif
| #ifdef HAVE_SYS_STAT_H
| # include <sys/stat.h>
| #endif
| #ifdef STDC_HEADERS
| # include <stdlib.h>
| # include <stddef.h>
| #else
| # ifdef HAVE_STDLIB_H
| #  include <stdlib.h>
| # endif
| #endif
| #ifdef HAVE_STRING_H
| # if !defined STDC_HEADERS && defined HAVE_MEMORY_H
| #  include <memory.h>
| # endif
| # include <string.h>
| #endif
| #ifdef HAVE_STRINGS_H
| # include <strings.h>
| #endif
| #ifdef HAVE_INTTYPES_H
| # include <inttypes.h>
| #endif
| #ifdef HAVE_STDINT_H
| # include <stdint.h>
| #endif
| #ifdef HAVE_UNISTD_H
| # include <unistd.h>
| #endif
| #include <kvm.h>
configure:4569: result: no
configure:4569: checking kvm.h presence
configure:4569: mips-unknown-linux-uclibc-gcc -E  conftest.c
conftest.c:34:17: error: kvm.h: No such file or directory
configure:4569: $? = 1
configure: failed program was:
| /* confdefs.h */
| #define PACKAGE_NAME ""
| #define PACKAGE_TARNAME ""
| #define PACKAGE_VERSION ""
| #define PACKAGE_STRING ""
| #define PACKAGE_BUGREPORT ""
| #define PACKAGE_URL ""
| #define PACKAGE "zebra"
| #define VERSION "0.95"
| #define STDC_HEADERS 1
| #define HAVE_SYS_TYPES_H 1
| #define HAVE_SYS_STAT_H 1
| #define HAVE_STDLIB_H 1
| #define HAVE_STRING_H 1
| #define HAVE_MEMORY_H 1
| #define HAVE_STRINGS_H 1
| #define HAVE_INTTYPES_H 1
| #define HAVE_STDINT_H 1
| #define HAVE_UNISTD_H 1
| #define __EXTENSIONS__ 1
| #define _ALL_SOURCE 1
| #define _GNU_SOURCE 1
| #define _POSIX_PTHREAD_SEMANTICS 1
| #define _TANDEM_SOURCE 1
| #define STDC_HEADERS 1
| #define HAVE_STRING_H 1
| #define HAVE_SYS_TIME_H 1
| #define HAVE_SYS_TIMES_H 1
| #define HAVE_SYS_SELECT_H 1
| #define HAVE_SYS_SYSCTL_H 1
| #define HAVE_SYS_TYPES_H 1
| #define HAVE_LINUX_VERSION_H 1
| /* end confdefs.h.  */
| #include <kvm.h>
configure:4569: result: no
configure:4569: checking for kvm.h
configure:4569: result: no
configure:4569: checking netdb.h usability
configure:4569: mips-unknown-linux-uclibc-gcc -c -g -O2 -Wall  conftest.c >&5
configure:4569: $? = 0
configure:4569: result: yes
configure:4569: checking netdb.h presence
configure:4569: mips-unknown-linux-uclibc-gcc -E  conftest.c
configure:4569: $? = 0
configure:4569: result: yes
configure:4569: checking for netdb.h
configure:4569: result: yes
configure:4569: checking netinet/in.h usability
configure:4569: mips-unknown-linux-uclibc-gcc -c -g -O2 -Wall  conftest.c >&5
configure:4569: $? = 0
configure:4569: result: yes
configure:4569: checking netinet/in.h presence
configure:4569: mips-unknown-linux-uclibc-gcc -E  conftest.c
configure:4569: $? = 0
configure:4569: result: yes
configure:4569: checking for netinet/in.h
configure:4569: result: yes
configure:4569: checking net/netopt.h usability
configure:4569: mips-unknown-linux-uclibc-gcc -c -g -O2 -Wall  conftest.c >&5
conftest.c:69:24: error: net/netopt.h: No such file or directory
configure:4569: $? = 1
configure: failed program was:
| /* confdefs.h */
| #define PACKAGE_NAME ""
| #define PACKAGE_TARNAME ""
| #define PACKAGE_VERSION ""
| #define PACKAGE_STRING ""
| #define PACKAGE_BUGREPORT ""
| #define PACKAGE_URL ""
| #define PACKAGE "zebra"
| #define VERSION "0.95"
| #define STDC_HEADERS 1
| #define HAVE_SYS_TYPES_H 1
| #define HAVE_SYS_STAT_H 1
| #define HAVE_STDLIB_H 1
| #define HAVE_STRING_H 1
| #define HAVE_MEMORY_H 1
| #define HAVE_STRINGS_H 1
| #define HAVE_INTTYPES_H 1
| #define HAVE_STDINT_H 1
| #define HAVE_UNISTD_H 1
| #define __EXTENSIONS__ 1
| #define _ALL_SOURCE 1
| #define _GNU_SOURCE 1
| #define _POSIX_PTHREAD_SEMANTICS 1
| #define _TANDEM_SOURCE 1
| #define STDC_HEADERS 1
| #define HAVE_STRING_H 1
| #define HAVE_SYS_TIME_H 1
| #define HAVE_SYS_TIMES_H 1
| #define HAVE_SYS_SELECT_H 1
| #define HAVE_SYS_SYSCTL_H 1
| #define HAVE_SYS_TYPES_H 1
| #define HAVE_LINUX_VERSION_H 1
| #define HAVE_NETDB_H 1
| #define HAVE_NETINET_IN_H 1
| /* end confdefs.h.  */
| #include <stdio.h>
| #ifdef HAVE_SYS_TYPES_H
| # include <sys/types.h>
| #endif
| #ifdef HAVE_SYS_STAT_H
| # include <sys/stat.h>
| #endif
| #ifdef STDC_HEADERS
| # include <stdlib.h>
| # include <stddef.h>
| #else
| # ifdef HAVE_STDLIB_H
| #  include <stdlib.h>
| # endif
| #endif
| #ifdef HAVE_STRING_H
| # if !defined STDC_HEADERS && defined HAVE_MEMORY_H
| #  include <memory.h>
| # endif
| # include <string.h>
| #endif
| #ifdef HAVE_STRINGS_H
| # include <strings.h>
| #endif
| #ifdef HAVE_INTTYPES_H
| # include <inttypes.h>
| #endif
| #ifdef HAVE_STDINT_H
| # include <stdint.h>
| #endif
| #ifdef HAVE_UNISTD_H
| # include <unistd.h>
| #endif
| #include <net/netopt.h>
configure:4569: result: no
configure:4569: checking net/netopt.h presence
configure:4569: mips-unknown-linux-uclibc-gcc -E  conftest.c
conftest.c:36:24: error: net/netopt.h: No such file or directory
configure:4569: $? = 1
configure: failed program was:
| /* confdefs.h */
| #define PACKAGE_NAME ""
| #define PACKAGE_TARNAME ""
| #define PACKAGE_VERSION ""
| #define PACKAGE_STRING ""
| #define PACKAGE_BUGREPORT ""
| #define PACKAGE_URL ""
| #define PACKAGE "zebra"
| #define VERSION "0.95"
| #define STDC_HEADERS 1
| #define HAVE_SYS_TYPES_H 1
| #define HAVE_SYS_STAT_H 1
| #define HAVE_STDLIB_H 1
| #define HAVE_STRING_H 1
| #define HAVE_MEMORY_H 1
| #define HAVE_STRINGS_H 1
| #define HAVE_INTTYPES_H 1
| #define HAVE_STDINT_H 1
| #define HAVE_UNISTD_H 1
| #define __EXTENSIONS__ 1
| #define _ALL_SOURCE 1
| #define _GNU_SOURCE 1
| #define _POSIX_PTHREAD_SEMANTICS 1
| #define _TANDEM_SOURCE 1
| #define STDC_HEADERS 1
| #define HAVE_STRING_H 1
| #define HAVE_SYS_TIME_H 1
| #define HAVE_SYS_TIMES_H 1
| #define HAVE_SYS_SELECT_H 1
| #define HAVE_SYS_SYSCTL_H 1
| #define HAVE_SYS_TYPES_H 1
| #define HAVE_LINUX_VERSION_H 1
| #define HAVE_NETDB_H 1
| #define HAVE_NETINET_IN_H 1
| /* end confdefs.h.  */
| #include <net/netopt.h>
configure:4569: result: no
configure:4569: checking for net/netopt.h
configure:4569: result: no
configure:4569: checking netinet/in_var.h usability
configure:4569: mips-unknown-linux-uclibc-gcc -c -g -O2 -Wall  conftest.c >&5
conftest.c:69:28: error: netinet/in_var.h: No such file or directory
configure:4569: $? = 1
configure: failed program was:
| /* confdefs.h */
| #define PACKAGE_NAME ""
| #define PACKAGE_TARNAME ""
| #define PACKAGE_VERSION ""
| #define PACKAGE_STRING ""
| #define PACKAGE_BUGREPORT ""
| #define PACKAGE_URL ""
| #define PACKAGE "zebra"
| #define VERSION "0.95"
| #define STDC_HEADERS 1
| #define HAVE_SYS_TYPES_H 1
| #define HAVE_SYS_STAT_H 1
| #define HAVE_STDLIB_H 1
| #define HAVE_STRING_H 1
| #define HAVE_MEMORY_H 1
| #define HAVE_STRINGS_H 1
| #define HAVE_INTTYPES_H 1
| #define HAVE_STDINT_H 1
| #define HAVE_UNISTD_H 1
| #define __EXTENSIONS__ 1
| #define _ALL_SOURCE 1
| #define _GNU_SOURCE 1
| #define _POSIX_PTHREAD_SEMANTICS 1
| #define _TANDEM_SOURCE 1
| #define STDC_HEADERS 1
| #define HAVE_STRING_H 1
| #define HAVE_SYS_TIME_H 1
| #define HAVE_SYS_TIMES_H 1
| #define HAVE_SYS_SELECT_H 1
| #define HAVE_SYS_SYSCTL_H 1
| #define HAVE_SYS_TYPES_H 1
| #define HAVE_LINUX_VERSION_H 1
| #define HAVE_NETDB_H 1
| #define HAVE_NETINET_IN_H 1
| /* end confdefs.h.  */
| #include <stdio.h>
| #ifdef HAVE_SYS_TYPES_H
| # include <sys/types.h>
| #endif
| #ifdef HAVE_SYS_STAT_H
| # include <sys/stat.h>
| #endif
| #ifdef STDC_HEADERS
| # include <stdlib.h>
| # include <stddef.h>
| #else
| # ifdef HAVE_STDLIB_H
| #  include <stdlib.h>
| # endif
| #endif
| #ifdef HAVE_STRING_H
| # if !defined STDC_HEADERS && defined HAVE_MEMORY_H
| #  include <memory.h>
| # endif
| # include <string.h>
| #endif
| #ifdef HAVE_STRINGS_H
| # include <strings.h>
| #endif
| #ifdef HAVE_INTTYPES_H
| # include <inttypes.h>
| #endif
| #ifdef HAVE_STDINT_H
| # include <stdint.h>
| #endif
| #ifdef HAVE_UNISTD_H
| # include <unistd.h>
| #endif
| #include <netinet/in_var.h>
configure:4569: result: no
configure:4569: checking netinet/in_var.h presence
configure:4569: mips-unknown-linux-uclibc-gcc -E  conftest.c
conftest.c:36:28: error: netinet/in_var.h: No such file or directory
configure:4569: $? = 1
configure: failed program was:
| /* confdefs.h */
| #define PACKAGE_NAME ""
| #define PACKAGE_TARNAME ""
| #define PACKAGE_VERSION ""
| #define PACKAGE_STRING ""
| #define PACKAGE_BUGREPORT ""
| #define PACKAGE_URL ""
| #define PACKAGE "zebra"
| #define VERSION "0.95"
| #define STDC_HEADERS 1
| #define HAVE_SYS_TYPES_H 1
| #define HAVE_SYS_STAT_H 1
| #define HAVE_STDLIB_H 1
| #define HAVE_STRING_H 1
| #define HAVE_MEMORY_H 1
| #define HAVE_STRINGS_H 1
| #define HAVE_INTTYPES_H 1
| #define HAVE_STDINT_H 1
| #define HAVE_UNISTD_H 1
| #define __EXTENSIONS__ 1
| #define _ALL_SOURCE 1
| #define _GNU_SOURCE 1
| #define _POSIX_PTHREAD_SEMANTICS 1
| #define _TANDEM_SOURCE 1
| #define STDC_HEADERS 1
| #define HAVE_STRING_H 1
| #define HAVE_SYS_TIME_H 1
| #define HAVE_SYS_TIMES_H 1
| #define HAVE_SYS_SELECT_H 1
| #define HAVE_SYS_SYSCTL_H 1
| #define HAVE_SYS_TYPES_H 1
| #define HAVE_LINUX_VERSION_H 1
| #define HAVE_NETDB_H 1
| #define HAVE_NETINET_IN_H 1
| /* end confdefs.h.  */
| #include <netinet/in_var.h>
configure:4569: result: no
configure:4569: checking for netinet/in_var.h
configure:4569: result: no
configure:4569: checking netinet/in6_var.h usability
configure:4569: mips-unknown-linux-uclibc-gcc -c -g -O2 -Wall  conftest.c >&5
conftest.c:69:29: error: netinet/in6_var.h: No such file or directory
configure:4569: $? = 1
configure: failed program was:
| /* confdefs.h */
| #define PACKAGE_NAME ""
| #define PACKAGE_TARNAME ""
| #define PACKAGE_VERSION ""
| #define PACKAGE_STRING ""
| #define PACKAGE_BUGREPORT ""
| #define PACKAGE_URL ""
| #define PACKAGE "zebra"
| #define VERSION "0.95"
| #define STDC_HEADERS 1
| #define HAVE_SYS_TYPES_H 1
| #define HAVE_SYS_STAT_H 1
| #define HAVE_STDLIB_H 1
| #define HAVE_STRING_H 1
| #define HAVE_MEMORY_H 1
| #define HAVE_STRINGS_H 1
| #define HAVE_INTTYPES_H 1
| #define HAVE_STDINT_H 1
| #define HAVE_UNISTD_H 1
| #define __EXTENSIONS__ 1
| #define _ALL_SOURCE 1
| #define _GNU_SOURCE 1
| #define _POSIX_PTHREAD_SEMANTICS 1
| #define _TANDEM_SOURCE 1
| #define STDC_HEADERS 1
| #define HAVE_STRING_H 1
| #define HAVE_SYS_TIME_H 1
| #define HAVE_SYS_TIMES_H 1
| #define HAVE_SYS_SELECT_H 1
| #define HAVE_SYS_SYSCTL_H 1
| #define HAVE_SYS_TYPES_H 1
| #define HAVE_LINUX_VERSION_H 1
| #define HAVE_NETDB_H 1
| #define HAVE_NETINET_IN_H 1
| /* end confdefs.h.  */
| #include <stdio.h>
| #ifdef HAVE_SYS_TYPES_H
| # include <sys/types.h>
| #endif
| #ifdef HAVE_SYS_STAT_H
| # include <sys/stat.h>
| #endif
| #ifdef STDC_HEADERS
| # include <stdlib.h>
| # include <stddef.h>
| #else
| # ifdef HAVE_STDLIB_H
| #  include <stdlib.h>
| # endif
| #endif
| #ifdef HAVE_STRING_H
| # if !defined STDC_HEADERS && defined HAVE_MEMORY_H
| #  include <memory.h>
| # endif
| # include <string.h>
| #endif
| #ifdef HAVE_STRINGS_H
| # include <strings.h>
| #endif
| #ifdef HAVE_INTTYPES_H
| # include <inttypes.h>
| #endif
| #ifdef HAVE_STDINT_H
| # include <stdint.h>
| #endif
| #ifdef HAVE_UNISTD_H
| # include <unistd.h>
| #endif
| #include <netinet/in6_var.h>
configure:4569: result: no
configure:4569: checking netinet/in6_var.h presence
configure:4569: mips-unknown-linux-uclibc-gcc -E  conftest.c
conftest.c:36:29: error: netinet/in6_var.h: No such file or directory
configure:4569: $? = 1
configure: failed program was:
| /* confdefs.h */
| #define PACKAGE_NAME ""
| #define PACKAGE_TARNAME ""
| #define PACKAGE_VERSION ""
| #define PACKAGE_STRING ""
| #define PACKAGE_BUGREPORT ""
| #define PACKAGE_URL ""
| #define PACKAGE "zebra"
| #define VERSION "0.95"
| #define STDC_HEADERS 1
| #define HAVE_SYS_TYPES_H 1
| #define HAVE_SYS_STAT_H 1
| #define HAVE_STDLIB_H 1
| #define HAVE_STRING_H 1
| #define HAVE_MEMORY_H 1
| #define HAVE_STRINGS_H 1
| #define HAVE_INTTYPES_H 1
| #define HAVE_STDINT_H 1
| #define HAVE_UNISTD_H 1
| #define __EXTENSIONS__ 1
| #define _ALL_SOURCE 1
| #define _GNU_SOURCE 1
| #define _POSIX_PTHREAD_SEMANTICS 1
| #define _TANDEM_SOURCE 1
| #define STDC_HEADERS 1
| #define HAVE_STRING_H 1
| #define HAVE_SYS_TIME_H 1
| #define HAVE_SYS_TIMES_H 1
| #define HAVE_SYS_SELECT_H 1
| #define HAVE_SYS_SYSCTL_H 1
| #define HAVE_SYS_TYPES_H 1
| #define HAVE_LINUX_VERSION_H 1
| #define HAVE_NETDB_H 1
| #define HAVE_NETINET_IN_H 1
| /* end confdefs.h.  */
| #include <netinet/in6_var.h>
configure:4569: result: no
configure:4569: checking for netinet/in6_var.h
configure:4569: result: no
configure:4569: checking netinet/in6.h usability
configure:4569: mips-unknown-linux-uclibc-gcc -c -g -O2 -Wall  conftest.c >&5
conftest.c:69:25: error: netinet/in6.h: No such file or directory
configure:4569: $? = 1
configure: failed program was:
| /* confdefs.h */
| #define PACKAGE_NAME ""
| #define PACKAGE_TARNAME ""
| #define PACKAGE_VERSION ""
| #define PACKAGE_STRING ""
| #define PACKAGE_BUGREPORT ""
| #define PACKAGE_URL ""
| #define PACKAGE "zebra"
| #define VERSION "0.95"
| #define STDC_HEADERS 1
| #define HAVE_SYS_TYPES_H 1
| #define HAVE_SYS_STAT_H 1
| #define HAVE_STDLIB_H 1
| #define HAVE_STRING_H 1
| #define HAVE_MEMORY_H 1
| #define HAVE_STRINGS_H 1
| #define HAVE_INTTYPES_H 1
| #define HAVE_STDINT_H 1
| #define HAVE_UNISTD_H 1
| #define __EXTENSIONS__ 1
| #define _ALL_SOURCE 1
| #define _GNU_SOURCE 1
| #define _POSIX_PTHREAD_SEMANTICS 1
| #define _TANDEM_SOURCE 1
| #define STDC_HEADERS 1
| #define HAVE_STRING_H 1
| #define HAVE_SYS_TIME_H 1
| #define HAVE_SYS_TIMES_H 1
| #define HAVE_SYS_SELECT_H 1
| #define HAVE_SYS_SYSCTL_H 1
| #define HAVE_SYS_TYPES_H 1
| #define HAVE_LINUX_VERSION_H 1
| #define HAVE_NETDB_H 1
| #define HAVE_NETINET_IN_H 1
| /* end confdefs.h.  */
| #include <stdio.h>
| #ifdef HAVE_SYS_TYPES_H
| # include <sys/types.h>
| #endif
| #ifdef HAVE_SYS_STAT_H
| # include <sys/stat.h>
| #endif
| #ifdef STDC_HEADERS
| # include <stdlib.h>
| # include <stddef.h>
| #else
| # ifdef HAVE_STDLIB_H
| #  include <stdlib.h>
| # endif
| #endif
| #ifdef HAVE_STRING_H
| # if !defined STDC_HEADERS && defined HAVE_MEMORY_H
| #  include <memory.h>
| # endif
| # include <string.h>
| #endif
| #ifdef HAVE_STRINGS_H
| # include <strings.h>
| #endif
| #ifdef HAVE_INTTYPES_H
| # include <inttypes.h>
| #endif
| #ifdef HAVE_STDINT_H
| # include <stdint.h>
| #endif
| #ifdef HAVE_UNISTD_H
| # include <unistd.h>
| #endif
| #include <netinet/in6.h>
configure:4569: result: no
configure:4569: checking netinet/in6.h presence
configure:4569: mips-unknown-linux-uclibc-gcc -E  conftest.c
conftest.c:36:25: error: netinet/in6.h: No such file or directory
configure:4569: $? = 1
configure: failed program was:
| /* confdefs.h */
| #define PACKAGE_NAME ""
| #define PACKAGE_TARNAME ""
| #define PACKAGE_VERSION ""
| #define PACKAGE_STRING ""
| #define PACKAGE_BUGREPORT ""
| #define PACKAGE_URL ""
| #define PACKAGE "zebra"
| #define VERSION "0.95"
| #define STDC_HEADERS 1
| #define HAVE_SYS_TYPES_H 1
| #define HAVE_SYS_STAT_H 1
| #define HAVE_STDLIB_H 1
| #define HAVE_STRING_H 1
| #define HAVE_MEMORY_H 1
| #define HAVE_STRINGS_H 1
| #define HAVE_INTTYPES_H 1
| #define HAVE_STDINT_H 1
| #define HAVE_UNISTD_H 1
| #define __EXTENSIONS__ 1
| #define _ALL_SOURCE 1
| #define _GNU_SOURCE 1
| #define _POSIX_PTHREAD_SEMANTICS 1
| #define _TANDEM_SOURCE 1
| #define STDC_HEADERS 1
| #define HAVE_STRING_H 1
| #define HAVE_SYS_TIME_H 1
| #define HAVE_SYS_TIMES_H 1
| #define HAVE_SYS_SELECT_H 1
| #define HAVE_SYS_SYSCTL_H 1
| #define HAVE_SYS_TYPES_H 1
| #define HAVE_LINUX_VERSION_H 1
| #define HAVE_NETDB_H 1
| #define HAVE_NETINET_IN_H 1
| /* end confdefs.h.  */
| #include <netinet/in6.h>
configure:4569: result: no
configure:4569: checking for netinet/in6.h
configure:4569: result: no
configure:4569: checking inet/nd.h usability
configure:4569: mips-unknown-linux-uclibc-gcc -c -g -O2 -Wall  conftest.c >&5
conftest.c:69:21: error: inet/nd.h: No such file or directory
configure:4569: $? = 1
configure: failed program was:
| /* confdefs.h */
| #define PACKAGE_NAME ""
| #define PACKAGE_TARNAME ""
| #define PACKAGE_VERSION ""
| #define PACKAGE_STRING ""
| #define PACKAGE_BUGREPORT ""
| #define PACKAGE_URL ""
| #define PACKAGE "zebra"
| #define VERSION "0.95"
| #define STDC_HEADERS 1
| #define HAVE_SYS_TYPES_H 1
| #define HAVE_SYS_STAT_H 1
| #define HAVE_STDLIB_H 1
| #define HAVE_STRING_H 1
| #define HAVE_MEMORY_H 1
| #define HAVE_STRINGS_H 1
| #define HAVE_INTTYPES_H 1
| #define HAVE_STDINT_H 1
| #define HAVE_UNISTD_H 1
| #define __EXTENSIONS__ 1
| #define _ALL_SOURCE 1
| #define _GNU_SOURCE 1
| #define _POSIX_PTHREAD_SEMANTICS 1
| #define _TANDEM_SOURCE 1
| #define STDC_HEADERS 1
| #define HAVE_STRING_H 1
| #define HAVE_SYS_TIME_H 1
| #define HAVE_SYS_TIMES_H 1
| #define HAVE_SYS_SELECT_H 1
| #define HAVE_SYS_SYSCTL_H 1
| #define HAVE_SYS_TYPES_H 1
| #define HAVE_LINUX_VERSION_H 1
| #define HAVE_NETDB_H 1
| #define HAVE_NETINET_IN_H 1
| /* end confdefs.h.  */
| #include <stdio.h>
| #ifdef HAVE_SYS_TYPES_H
| # include <sys/types.h>
| #endif
| #ifdef HAVE_SYS_STAT_H
| # include <sys/stat.h>
| #endif
| #ifdef STDC_HEADERS
| # include <stdlib.h>
| # include <stddef.h>
| #else
| # ifdef HAVE_STDLIB_H
| #  include <stdlib.h>
| # endif
| #endif
| #ifdef HAVE_STRING_H
| # if !defined STDC_HEADERS && defined HAVE_MEMORY_H
| #  include <memory.h>
| # endif
| # include <string.h>
| #endif
| #ifdef HAVE_STRINGS_H
| # include <strings.h>
| #endif
| #ifdef HAVE_INTTYPES_H
| # include <inttypes.h>
| #endif
| #ifdef HAVE_STDINT_H
| # include <stdint.h>
| #endif
| #ifdef HAVE_UNISTD_H
| # include <unistd.h>
| #endif
| #include <inet/nd.h>
configure:4569: result: no
configure:4569: checking inet/nd.h presence
configure:4569: mips-unknown-linux-uclibc-gcc -E  conftest.c
conftest.c:36:21: error: inet/nd.h: No such file or directory
configure:4569: $? = 1
configure: failed program was:
| /* confdefs.h */
| #define PACKAGE_NAME ""
| #define PACKAGE_TARNAME ""
| #define PACKAGE_VERSION ""
| #define PACKAGE_STRING ""
| #define PACKAGE_BUGREPORT ""
| #define PACKAGE_URL ""
| #define PACKAGE "zebra"
| #define VERSION "0.95"
| #define STDC_HEADERS 1
| #define HAVE_SYS_TYPES_H 1
| #define HAVE_SYS_STAT_H 1
| #define HAVE_STDLIB_H 1
| #define HAVE_STRING_H 1
| #define HAVE_MEMORY_H 1
| #define HAVE_STRINGS_H 1
| #define HAVE_INTTYPES_H 1
| #define HAVE_STDINT_H 1
| #define HAVE_UNISTD_H 1
| #define __EXTENSIONS__ 1
| #define _ALL_SOURCE 1
| #define _GNU_SOURCE 1
| #define _POSIX_PTHREAD_SEMANTICS 1
| #define _TANDEM_SOURCE 1
| #define STDC_HEADERS 1
| #define HAVE_STRING_H 1
| #define HAVE_SYS_TIME_H 1
| #define HAVE_SYS_TIMES_H 1
| #define HAVE_SYS_SELECT_H 1
| #define HAVE_SYS_SYSCTL_H 1
| #define HAVE_SYS_TYPES_H 1
| #define HAVE_LINUX_VERSION_H 1
| #define HAVE_NETDB_H 1
| #define HAVE_NETINET_IN_H 1
| /* end confdefs.h.  */
| #include <inet/nd.h>
configure:4569: result: no
configure:4569: checking for inet/nd.h
configure:4569: result: no
configure:4569: checking asm/types.h usability
configure:4569: mips-unknown-linux-uclibc-gcc -c -g -O2 -Wall  conftest.c >&5
configure:4569: $? = 0
configure:4569: result: yes
configure:4569: checking asm/types.h presence
configure:4569: mips-unknown-linux-uclibc-gcc -E  conftest.c
configure:4569: $? = 0
configure:4569: result: yes
configure:4569: checking for asm/types.h
configure:4569: result: yes
configure:4569: checking netinet/icmp6.h usability
configure:4569: mips-unknown-linux-uclibc-gcc -c -g -O2 -Wall  conftest.c >&5
configure:4569: $? = 0
configure:4569: result: yes
configure:4569: checking netinet/icmp6.h presence
configure:4569: mips-unknown-linux-uclibc-gcc -E  conftest.c
configure:4569: $? = 0
configure:4569: result: yes
configure:4569: checking for netinet/icmp6.h
configure:4569: result: yes
configure:4569: checking netinet6/nd6.h usability
configure:4569: mips-unknown-linux-uclibc-gcc -c -g -O2 -Wall  conftest.c >&5
conftest.c:71:26: error: netinet6/nd6.h: No such file or directory
configure:4569: $? = 1
configure: failed program was:
| /* confdefs.h */
| #define PACKAGE_NAME ""
| #define PACKAGE_TARNAME ""
| #define PACKAGE_VERSION ""
| #define PACKAGE_STRING ""
| #define PACKAGE_BUGREPORT ""
| #define PACKAGE_URL ""
| #define PACKAGE "zebra"
| #define VERSION "0.95"
| #define STDC_HEADERS 1
| #define HAVE_SYS_TYPES_H 1
| #define HAVE_SYS_STAT_H 1
| #define HAVE_STDLIB_H 1
| #define HAVE_STRING_H 1
| #define HAVE_MEMORY_H 1
| #define HAVE_STRINGS_H 1
| #define HAVE_INTTYPES_H 1
| #define HAVE_STDINT_H 1
| #define HAVE_UNISTD_H 1
| #define __EXTENSIONS__ 1
| #define _ALL_SOURCE 1
| #define _GNU_SOURCE 1
| #define _POSIX_PTHREAD_SEMANTICS 1
| #define _TANDEM_SOURCE 1
| #define STDC_HEADERS 1
| #define HAVE_STRING_H 1
| #define HAVE_SYS_TIME_H 1
| #define HAVE_SYS_TIMES_H 1
| #define HAVE_SYS_SELECT_H 1
| #define HAVE_SYS_SYSCTL_H 1
| #define HAVE_SYS_TYPES_H 1
| #define HAVE_LINUX_VERSION_H 1
| #define HAVE_NETDB_H 1
| #define HAVE_NETINET_IN_H 1
| #define HAVE_ASM_TYPES_H 1
| #define HAVE_NETINET_ICMP6_H 1
| /* end confdefs.h.  */
| #include <stdio.h>
| #ifdef HAVE_SYS_TYPES_H
| # include <sys/types.h>
| #endif
| #ifdef HAVE_SYS_STAT_H
| # include <sys/stat.h>
| #endif
| #ifdef STDC_HEADERS
| # include <stdlib.h>
| # include <stddef.h>
| #else
| # ifdef HAVE_STDLIB_H
| #  include <stdlib.h>
| # endif
| #endif
| #ifdef HAVE_STRING_H
| # if !defined STDC_HEADERS && defined HAVE_MEMORY_H
| #  include <memory.h>
| # endif
| # include <string.h>
| #endif
| #ifdef HAVE_STRINGS_H
| # include <strings.h>
| #endif
| #ifdef HAVE_INTTYPES_H
| # include <inttypes.h>
| #endif
| #ifdef HAVE_STDINT_H
| # include <stdint.h>
| #endif
| #ifdef HAVE_UNISTD_H
| # include <unistd.h>
| #endif
| #include <netinet6/nd6.h>
configure:4569: result: no
configure:4569: checking netinet6/nd6.h presence
configure:4569: mips-unknown-linux-uclibc-gcc -E  conftest.c
conftest.c:38:26: error: netinet6/nd6.h: No such file or directory
configure:4569: $? = 1
configure: failed program was:
| /* confdefs.h */
| #define PACKAGE_NAME ""
| #define PACKAGE_TARNAME ""
| #define PACKAGE_VERSION ""
| #define PACKAGE_STRING ""
| #define PACKAGE_BUGREPORT ""
| #define PACKAGE_URL ""
| #define PACKAGE "zebra"
| #define VERSION "0.95"
| #define STDC_HEADERS 1
| #define HAVE_SYS_TYPES_H 1
| #define HAVE_SYS_STAT_H 1
| #define HAVE_STDLIB_H 1
| #define HAVE_STRING_H 1
| #define HAVE_MEMORY_H 1
| #define HAVE_STRINGS_H 1
| #define HAVE_INTTYPES_H 1
| #define HAVE_STDINT_H 1
| #define HAVE_UNISTD_H 1
| #define __EXTENSIONS__ 1
| #define _ALL_SOURCE 1
| #define _GNU_SOURCE 1
| #define _POSIX_PTHREAD_SEMANTICS 1
| #define _TANDEM_SOURCE 1
| #define STDC_HEADERS 1
| #define HAVE_STRING_H 1
| #define HAVE_SYS_TIME_H 1
| #define HAVE_SYS_TIMES_H 1
| #define HAVE_SYS_SELECT_H 1
| #define HAVE_SYS_SYSCTL_H 1
| #define HAVE_SYS_TYPES_H 1
| #define HAVE_LINUX_VERSION_H 1
| #define HAVE_NETDB_H 1
| #define HAVE_NETINET_IN_H 1
| #define HAVE_ASM_TYPES_H 1
| #define HAVE_NETINET_ICMP6_H 1
| /* end confdefs.h.  */
| #include <netinet6/nd6.h>
configure:4569: result: no
configure:4569: checking for netinet6/nd6.h
configure:4569: result: no
configure:4569: checking libutil.h usability
configure:4569: mips-unknown-linux-uclibc-gcc -c -g -O2 -Wall  conftest.c >&5
conftest.c:71:21: error: libutil.h: No such file or directory
configure:4569: $? = 1
configure: failed program was:
| /* confdefs.h */
| #define PACKAGE_NAME ""
| #define PACKAGE_TARNAME ""
| #define PACKAGE_VERSION ""
| #define PACKAGE_STRING ""
| #define PACKAGE_BUGREPORT ""
| #define PACKAGE_URL ""
| #define PACKAGE "zebra"
| #define VERSION "0.95"
| #define STDC_HEADERS 1
| #define HAVE_SYS_TYPES_H 1
| #define HAVE_SYS_STAT_H 1
| #define HAVE_STDLIB_H 1
| #define HAVE_STRING_H 1
| #define HAVE_MEMORY_H 1
| #define HAVE_STRINGS_H 1
| #define HAVE_INTTYPES_H 1
| #define HAVE_STDINT_H 1
| #define HAVE_UNISTD_H 1
| #define __EXTENSIONS__ 1
| #define _ALL_SOURCE 1
| #define _GNU_SOURCE 1
| #define _POSIX_PTHREAD_SEMANTICS 1
| #define _TANDEM_SOURCE 1
| #define STDC_HEADERS 1
| #define HAVE_STRING_H 1
| #define HAVE_SYS_TIME_H 1
| #define HAVE_SYS_TIMES_H 1
| #define HAVE_SYS_SELECT_H 1
| #define HAVE_SYS_SYSCTL_H 1
| #define HAVE_SYS_TYPES_H 1
| #define HAVE_LINUX_VERSION_H 1
| #define HAVE_NETDB_H 1
| #define HAVE_NETINET_IN_H 1
| #define HAVE_ASM_TYPES_H 1
| #define HAVE_NETINET_ICMP6_H 1
| /* end confdefs.h.  */
| #include <stdio.h>
| #ifdef HAVE_SYS_TYPES_H
| # include <sys/types.h>
| #endif
| #ifdef HAVE_SYS_STAT_H
| # include <sys/stat.h>
| #endif
| #ifdef STDC_HEADERS
| # include <stdlib.h>
| # include <stddef.h>
| #else
| # ifdef HAVE_STDLIB_H
| #  include <stdlib.h>
| # endif
| #endif
| #ifdef HAVE_STRING_H
| # if !defined STDC_HEADERS && defined HAVE_MEMORY_H
| #  include <memory.h>
| # endif
| # include <string.h>
| #endif
| #ifdef HAVE_STRINGS_H
| # include <strings.h>
| #endif
| #ifdef HAVE_INTTYPES_H
| # include <inttypes.h>
| #endif
| #ifdef HAVE_STDINT_H
| # include <stdint.h>
| #endif
| #ifdef HAVE_UNISTD_H
| # include <unistd.h>
| #endif
| #include <libutil.h>
configure:4569: result: no
configure:4569: checking libutil.h presence
configure:4569: mips-unknown-linux-uclibc-gcc -E  conftest.c
conftest.c:38:21: error: libutil.h: No such file or directory
configure:4569: $? = 1
configure: failed program was:
| /* confdefs.h */
| #define PACKAGE_NAME ""
| #define PACKAGE_TARNAME ""
| #define PACKAGE_VERSION ""
| #define PACKAGE_STRING ""
| #define PACKAGE_BUGREPORT ""
| #define PACKAGE_URL ""
| #define PACKAGE "zebra"
| #define VERSION "0.95"
| #define STDC_HEADERS 1
| #define HAVE_SYS_TYPES_H 1
| #define HAVE_SYS_STAT_H 1
| #define HAVE_STDLIB_H 1
| #define HAVE_STRING_H 1
| #define HAVE_MEMORY_H 1
| #define HAVE_STRINGS_H 1
| #define HAVE_INTTYPES_H 1
| #define HAVE_STDINT_H 1
| #define HAVE_UNISTD_H 1
| #define __EXTENSIONS__ 1
| #define _ALL_SOURCE 1
| #define _GNU_SOURCE 1
| #define _POSIX_PTHREAD_SEMANTICS 1
| #define _TANDEM_SOURCE 1
| #define STDC_HEADERS 1
| #define HAVE_STRING_H 1
| #define HAVE_SYS_TIME_H 1
| #define HAVE_SYS_TIMES_H 1
| #define HAVE_SYS_SELECT_H 1
| #define HAVE_SYS_SYSCTL_H 1
| #define HAVE_SYS_TYPES_H 1
| #define HAVE_LINUX_VERSION_H 1
| #define HAVE_NETDB_H 1
| #define HAVE_NETINET_IN_H 1
| #define HAVE_ASM_TYPES_H 1
| #define HAVE_NETINET_ICMP6_H 1
| /* end confdefs.h.  */
| #include <libutil.h>
configure:4569: result: no
configure:4569: checking for libutil.h
configure:4569: result: no
configure:4581: checking for an ANSI C-conforming const
configure:4646: mips-unknown-linux-uclibc-gcc -c -g -O2 -Wall  conftest.c >&5
conftest.c: In function 'main':
conftest.c:67: warning: 't' is used uninitialized in this function
conftest.c:83: warning: 'b' may be used uninitialized in this function
conftest.c:89: warning: 'cs[0]' is used uninitialized in this function
configure:4646: $? = 0
configure:4653: result: yes
configure:4661: checking return type of signal handlers
configure:4679: mips-unknown-linux-uclibc-gcc -c -g -O2 -Wall  conftest.c >&5
conftest.c: In function 'main':
conftest.c:44: error: void value not ignored as it ought to be
configure:4679: $? = 1
configure: failed program was:
| /* confdefs.h */
| #define PACKAGE_NAME ""
| #define PACKAGE_TARNAME ""
| #define PACKAGE_VERSION ""
| #define PACKAGE_STRING ""
| #define PACKAGE_BUGREPORT ""
| #define PACKAGE_URL ""
| #define PACKAGE "zebra"
| #define VERSION "0.95"
| #define STDC_HEADERS 1
| #define HAVE_SYS_TYPES_H 1
| #define HAVE_SYS_STAT_H 1
| #define HAVE_STDLIB_H 1
| #define HAVE_STRING_H 1
| #define HAVE_MEMORY_H 1
| #define HAVE_STRINGS_H 1
| #define HAVE_INTTYPES_H 1
| #define HAVE_STDINT_H 1
| #define HAVE_UNISTD_H 1
| #define __EXTENSIONS__ 1
| #define _ALL_SOURCE 1
| #define _GNU_SOURCE 1
| #define _POSIX_PTHREAD_SEMANTICS 1
| #define _TANDEM_SOURCE 1
| #define STDC_HEADERS 1
| #define HAVE_STRING_H 1
| #define HAVE_SYS_TIME_H 1
| #define HAVE_SYS_TIMES_H 1
| #define HAVE_SYS_SELECT_H 1
| #define HAVE_SYS_SYSCTL_H 1
| #define HAVE_SYS_TYPES_H 1
| #define HAVE_LINUX_VERSION_H 1
| #define HAVE_NETDB_H 1
| #define HAVE_NETINET_IN_H 1
| #define HAVE_ASM_TYPES_H 1
| #define HAVE_NETINET_ICMP6_H 1
| /* end confdefs.h.  */
| #include <sys/types.h>
| #include <signal.h>
| 
| int
| main ()
| {
| return *(signal (0, 0)) (0) == 1;
|   ;
|   return 0;
| }
configure:4686: result: void
configure:5368: checking whether byte ordering is bigendian
configure:5383: mips-unknown-linux-uclibc-gcc -c -g -O2 -Wall  conftest.c >&5
conftest.c:41: error: expected '=', ',', ';', 'asm' or '__attribute__' before 'a'
configure:5383: $? = 1
configure: failed program was:
| /* confdefs.h */
| #define PACKAGE_NAME ""
| #define PACKAGE_TARNAME ""
| #define PACKAGE_VERSION ""
| #define PACKAGE_STRING ""
| #define PACKAGE_BUGREPORT ""
| #define PACKAGE_URL ""
| #define PACKAGE "zebra"
| #define VERSION "0.95"
| #define STDC_HEADERS 1
| #define HAVE_SYS_TYPES_H 1
| #define HAVE_SYS_STAT_H 1
| #define HAVE_STDLIB_H 1
| #define HAVE_STRING_H 1
| #define HAVE_MEMORY_H 1
| #define HAVE_STRINGS_H 1
| #define HAVE_INTTYPES_H 1
| #define HAVE_STDINT_H 1
| #define HAVE_UNISTD_H 1
| #define __EXTENSIONS__ 1
| #define _ALL_SOURCE 1
| #define _GNU_SOURCE 1
| #define _POSIX_PTHREAD_SEMANTICS 1
| #define _TANDEM_SOURCE 1
| #define STDC_HEADERS 1
| #define HAVE_STRING_H 1
| #define HAVE_SYS_TIME_H 1
| #define HAVE_SYS_TIMES_H 1
| #define HAVE_SYS_SELECT_H 1
| #define HAVE_SYS_SYSCTL_H 1
| #define HAVE_SYS_TYPES_H 1
| #define HAVE_LINUX_VERSION_H 1
| #define HAVE_NETDB_H 1
| #define HAVE_NETINET_IN_H 1
| #define HAVE_ASM_TYPES_H 1
| #define HAVE_NETINET_ICMP6_H 1
| #define RETSIGTYPE void
| #define GNU_LINUX /**/
| /* end confdefs.h.  */
| #ifndef __APPLE_CC__
| 	       not a universal capable compiler
| 	     #endif
| 	     typedef int dummy;
| 
configure:5428: mips-unknown-linux-uclibc-gcc -c -g -O2 -Wall  conftest.c >&5
configure:5428: $? = 0
configure:5446: mips-unknown-linux-uclibc-gcc -c -g -O2 -Wall  conftest.c >&5
configure:5446: $? = 0
configure:5574: result: yes
configure:5597: checking for bcopy
configure:5597: mips-unknown-linux-uclibc-gcc -o conftest -g -O2 -Wall   conftest.c  >&5
conftest.c:64: warning: conflicting types for built-in function 'bcopy'
configure:5597: $? = 0
configure:5597: result: yes
configure:5597: checking for bzero
configure:5597: mips-unknown-linux-uclibc-gcc -o conftest -g -O2 -Wall   conftest.c  >&5
conftest.c:65: warning: conflicting types for built-in function 'bzero'
configure:5597: $? = 0
configure:5597: result: yes
configure:5597: checking for strerror
configure:5597: mips-unknown-linux-uclibc-gcc -o conftest -g -O2 -Wall   conftest.c  >&5
configure:5597: $? = 0
configure:5597: result: yes
configure:5597: checking for inet_aton
configure:5597: mips-unknown-linux-uclibc-gcc -o conftest -g -O2 -Wall   conftest.c  >&5
configure:5597: $? = 0
configure:5597: result: yes
configure:5597: checking for daemon
configure:5597: mips-unknown-linux-uclibc-gcc -o conftest -g -O2 -Wall   conftest.c  >&5
configure:5597: $? = 0
configure:5597: result: yes
configure:5597: checking for snprintf
configure:5597: mips-unknown-linux-uclibc-gcc -o conftest -g -O2 -Wall   conftest.c  >&5
conftest.c:69: warning: conflicting types for built-in function 'snprintf'
configure:5597: $? = 0
configure:5597: result: yes
configure:5597: checking for vsnprintf
configure:5597: mips-unknown-linux-uclibc-gcc -o conftest -g -O2 -Wall   conftest.c  >&5
conftest.c:70: warning: conflicting types for built-in function 'vsnprintf'
configure:5597: $? = 0
configure:5597: result: yes
configure:5597: checking for strlcat
configure:5597: mips-unknown-linux-uclibc-gcc -o conftest -g -O2 -Wall   conftest.c  >&5
configure:5597: $? = 0
configure:5597: result: yes
configure:5597: checking for strlcpy
configure:5597: mips-unknown-linux-uclibc-gcc -o conftest -g -O2 -Wall   conftest.c  >&5
configure:5597: $? = 0
configure:5597: result: yes
configure:5597: checking for if_nametoindex
configure:5597: mips-unknown-linux-uclibc-gcc -o conftest -g -O2 -Wall   conftest.c  >&5
configure:5597: $? = 0
configure:5597: result: yes
configure:5597: checking for if_indextoname
configure:5597: mips-unknown-linux-uclibc-gcc -o conftest -g -O2 -Wall   conftest.c  >&5
configure:5597: $? = 0
configure:5597: result: yes
configure:5597: checking for getifaddrs
configure:5597: mips-unknown-linux-uclibc-gcc -o conftest -g -O2 -Wall   conftest.c  >&5
configure:5597: $? = 0
configure:5597: result: yes
configure:5609: checking for setproctitle
configure:5609: mips-unknown-linux-uclibc-gcc -o conftest -g -O2 -Wall   conftest.c  >&5
/tmp/cc4Gu2Ii.o: In function `main':
./conftest.c:87: undefined reference to `setproctitle'
collect2: ld returned 1 exit status
configure:5609: $? = 1
configure: failed program was:
| /* confdefs.h */
| #define PACKAGE_NAME ""
| #define PACKAGE_TARNAME ""
| #define PACKAGE_VERSION ""
| #define PACKAGE_STRING ""
| #define PACKAGE_BUGREPORT ""
| #define PACKAGE_URL ""
| #define PACKAGE "zebra"
| #define VERSION "0.95"
| #define STDC_HEADERS 1
| #define HAVE_SYS_TYPES_H 1
| #define HAVE_SYS_STAT_H 1
| #define HAVE_STDLIB_H 1
| #define HAVE_STRING_H 1
| #define HAVE_MEMORY_H 1
| #define HAVE_STRINGS_H 1
| #define HAVE_INTTYPES_H 1
| #define HAVE_STDINT_H 1
| #define HAVE_UNISTD_H 1
| #define __EXTENSIONS__ 1
| #define _ALL_SOURCE 1
| #define _GNU_SOURCE 1
| #define _POSIX_PTHREAD_SEMANTICS 1
| #define _TANDEM_SOURCE 1
| #define STDC_HEADERS 1
| #define HAVE_STRING_H 1
| #define HAVE_SYS_TIME_H 1
| #define HAVE_SYS_TIMES_H 1
| #define HAVE_SYS_SELECT_H 1
| #define HAVE_SYS_SYSCTL_H 1
| #define HAVE_SYS_TYPES_H 1
| #define HAVE_LINUX_VERSION_H 1
| #define HAVE_NETDB_H 1
| #define HAVE_NETINET_IN_H 1
| #define HAVE_ASM_TYPES_H 1
| #define HAVE_NETINET_ICMP6_H 1
| #define RETSIGTYPE void
| #define GNU_LINUX /**/
| #define WORDS_BIGENDIAN 1
| #define HAVE_BCOPY 1
| #define HAVE_BZERO 1
| #define HAVE_STRERROR 1
| #define HAVE_INET_ATON 1
| #define HAVE_DAEMON 1
| #define HAVE_SNPRINTF 1
| #define HAVE_VSNPRINTF 1
| #define HAVE_STRLCAT 1
| #define HAVE_STRLCPY 1
| #define HAVE_IF_NAMETOINDEX 1
| #define HAVE_IF_INDEXTONAME 1
| #define HAVE_GETIFADDRS 1
| /* end confdefs.h.  */
| /* Define setproctitle to an innocuous variant, in case <limits.h> declares setproctitle.
|    For example, HP-UX 11i <limits.h> declares gettimeofday.  */
| #define setproctitle innocuous_setproctitle
| 
| /* System header to define __stub macros and hopefully few prototypes,
|     which can conflict with char setproctitle (); below.
|     Prefer <limits.h> to <assert.h> if __STDC__ is defined, since
|     <limits.h> exists even on freestanding compilers.  */
| 
| #ifdef __STDC__
| # include <limits.h>
| #else
| # include <assert.h>
| #endif
| 
| #undef setproctitle
| 
| /* Override any GCC internal prototype to avoid an error.
|    Use char because int might match the return type of a GCC
|    builtin and then its argument prototype would still apply.  */
| #ifdef __cplusplus
| extern "C"
| #endif
| char setproctitle ();
| /* The GNU C library defines this for functions which it implements
|     to always fail with ENOSYS.  Some functions are actually named
|     something starting with __ and the normal name is an alias.  */
| #if defined __stub_setproctitle || defined __stub___setproctitle
| choke me
| #endif
| 
| int
| main ()
| {
| return setproctitle ();
|   ;
|   return 0;
| }
configure:5609: result: no
configure:5616: checking for setproctitle in -lutil
configure:5641: mips-unknown-linux-uclibc-gcc -o conftest -g -O2 -Wall   conftest.c -lutil   >&5
/tmp/ccQJ2zww.o: In function `main':
./conftest.c:64: undefined reference to `setproctitle'
collect2: ld returned 1 exit status
configure:5641: $? = 1
configure: failed program was:
| /* confdefs.h */
| #define PACKAGE_NAME ""
| #define PACKAGE_TARNAME ""
| #define PACKAGE_VERSION ""
| #define PACKAGE_STRING ""
| #define PACKAGE_BUGREPORT ""
| #define PACKAGE_URL ""
| #define PACKAGE "zebra"
| #define VERSION "0.95"
| #define STDC_HEADERS 1
| #define HAVE_SYS_TYPES_H 1
| #define HAVE_SYS_STAT_H 1
| #define HAVE_STDLIB_H 1
| #define HAVE_STRING_H 1
| #define HAVE_MEMORY_H 1
| #define HAVE_STRINGS_H 1
| #define HAVE_INTTYPES_H 1
| #define HAVE_STDINT_H 1
| #define HAVE_UNISTD_H 1
| #define __EXTENSIONS__ 1
| #define _ALL_SOURCE 1
| #define _GNU_SOURCE 1
| #define _POSIX_PTHREAD_SEMANTICS 1
| #define _TANDEM_SOURCE 1
| #define STDC_HEADERS 1
| #define HAVE_STRING_H 1
| #define HAVE_SYS_TIME_H 1
| #define HAVE_SYS_TIMES_H 1
| #define HAVE_SYS_SELECT_H 1
| #define HAVE_SYS_SYSCTL_H 1
| #define HAVE_SYS_TYPES_H 1
| #define HAVE_LINUX_VERSION_H 1
| #define HAVE_NETDB_H 1
| #define HAVE_NETINET_IN_H 1
| #define HAVE_ASM_TYPES_H 1
| #define HAVE_NETINET_ICMP6_H 1
| #define RETSIGTYPE void
| #define GNU_LINUX /**/
| #define WORDS_BIGENDIAN 1
| #define HAVE_BCOPY 1
| #define HAVE_BZERO 1
| #define HAVE_STRERROR 1
| #define HAVE_INET_ATON 1
| #define HAVE_DAEMON 1
| #define HAVE_SNPRINTF 1
| #define HAVE_VSNPRINTF 1
| #define HAVE_STRLCAT 1
| #define HAVE_STRLCPY 1
| #define HAVE_IF_NAMETOINDEX 1
| #define HAVE_IF_INDEXTONAME 1
| #define HAVE_GETIFADDRS 1
| /* end confdefs.h.  */
| 
| /* Override any GCC internal prototype to avoid an error.
|    Use char because int might match the return type of a GCC
|    builtin and then its argument prototype would still apply.  */
| #ifdef __cplusplus
| extern "C"
| #endif
| char setproctitle ();
| int
| main ()
| {
| return setproctitle ();
|   ;
|   return 0;
| }
configure:5650: result: no
configure:5661: checking zebra between kernel interface method
configure:5678: result: netlink
configure:5735: checking route read method check
configure:5758: result: netlink
configure:5762: checking interface looking up method
configure:5765: result: netlink
configure:5807: checking ipforward method check
configure:5832: result: proc
configure:5838: checking for getaddrinfo
configure:5838: mips-unknown-linux-uclibc-gcc -o conftest -g -O2 -Wall   conftest.c  >&5
configure:5838: $? = 0
configure:5838: result: yes
configure:5850: checking whether does this OS have IPv6 stack
configure:5853: result: disabled
configure:6053: checking for inet_ntop in -lc
configure:6078: mips-unknown-linux-uclibc-gcc -o conftest -g -O2 -Wall   conftest.c -lc   >&5
configure:6078: $? = 0
configure:6087: result: yes
configure:6095: checking for inet_pton in -lc
configure:6120: mips-unknown-linux-uclibc-gcc -o conftest -g -O2 -Wall   conftest.c -lc   >&5
configure:6120: $? = 0
configure:6129: result: yes
configure:6137: checking for crypt in -lcrypt
configure:6162: mips-unknown-linux-uclibc-gcc -o conftest -g -O2 -Wall   conftest.c -lcrypt   >&5
configure:6162: $? = 0
configure:6171: result: yes
configure:6182: checking for res_init in -lresolv
configure:6207: mips-unknown-linux-uclibc-gcc -o conftest -g -O2 -Wall   conftest.c -lresolv  -lcrypt  >&5
/tmp/ccQXETHs.o: In function `main':
./conftest.c:71: undefined reference to `res_init'
collect2: ld returned 1 exit status
configure:6207: $? = 1
configure: failed program was:
| /* confdefs.h */
| #define PACKAGE_NAME ""
| #define PACKAGE_TARNAME ""
| #define PACKAGE_VERSION ""
| #define PACKAGE_STRING ""
| #define PACKAGE_BUGREPORT ""
| #define PACKAGE_URL ""
| #define PACKAGE "zebra"
| #define VERSION "0.95"
| #define STDC_HEADERS 1
| #define HAVE_SYS_TYPES_H 1
| #define HAVE_SYS_STAT_H 1
| #define HAVE_STDLIB_H 1
| #define HAVE_STRING_H 1
| #define HAVE_MEMORY_H 1
| #define HAVE_STRINGS_H 1
| #define HAVE_INTTYPES_H 1
| #define HAVE_STDINT_H 1
| #define HAVE_UNISTD_H 1
| #define __EXTENSIONS__ 1
| #define _ALL_SOURCE 1
| #define _GNU_SOURCE 1
| #define _POSIX_PTHREAD_SEMANTICS 1
| #define _TANDEM_SOURCE 1
| #define STDC_HEADERS 1
| #define HAVE_STRING_H 1
| #define HAVE_SYS_TIME_H 1
| #define HAVE_SYS_TIMES_H 1
| #define HAVE_SYS_SELECT_H 1
| #define HAVE_SYS_SYSCTL_H 1
| #define HAVE_SYS_TYPES_H 1
| #define HAVE_LINUX_VERSION_H 1
| #define HAVE_NETDB_H 1
| #define HAVE_NETINET_IN_H 1
| #define HAVE_ASM_TYPES_H 1
| #define HAVE_NETINET_ICMP6_H 1
| #define RETSIGTYPE void
| #define GNU_LINUX /**/
| #define WORDS_BIGENDIAN 1
| #define HAVE_BCOPY 1
| #define HAVE_BZERO 1
| #define HAVE_STRERROR 1
| #define HAVE_INET_ATON 1
| #define HAVE_DAEMON 1
| #define HAVE_SNPRINTF 1
| #define HAVE_VSNPRINTF 1
| #define HAVE_STRLCAT 1
| #define HAVE_STRLCPY 1
| #define HAVE_IF_NAMETOINDEX 1
| #define HAVE_IF_INDEXTONAME 1
| #define HAVE_GETIFADDRS 1
| #define HAVE_NETLINK /**/
| #define HAVE_PROC_NET_DEV /**/
| #define HAVE_PROC_NET_IF_INET6 /**/
| #define HAVE_GETADDRINFO 1
| #define HAVE_INET_NTOP /**/
| #define HAVE_INET_PTON /**/
| #define HAVE_LIBCRYPT 1
| /* end confdefs.h.  */
| 
| /* Override any GCC internal prototype to avoid an error.
|    Use char because int might match the return type of a GCC
|    builtin and then its argument prototype would still apply.  */
| #ifdef __cplusplus
| extern "C"
| #endif
| char res_init ();
| int
| main ()
| {
| return res_init ();
|   ;
|   return 0;
| }
configure:6216: result: no
configure:6227: checking for main in -lm
configure:6246: mips-unknown-linux-uclibc-gcc -o conftest -g -O2 -Wall   conftest.c -lm  -lcrypt  >&5
configure:6246: $? = 0
configure:6255: result: yes
configure:6267: checking for __inet_ntop
configure:6267: mips-unknown-linux-uclibc-gcc -o conftest -g -O2 -Wall   conftest.c -lm -lcrypt  >&5
/tmp/ccurHtyN.o: In function `main':
./conftest.c:95: undefined reference to `__inet_ntop'
collect2: ld returned 1 exit status
configure:6267: $? = 1
configure: failed program was:
| /* confdefs.h */
| #define PACKAGE_NAME ""
| #define PACKAGE_TARNAME ""
| #define PACKAGE_VERSION ""
| #define PACKAGE_STRING ""
| #define PACKAGE_BUGREPORT ""
| #define PACKAGE_URL ""
| #define PACKAGE "zebra"
| #define VERSION "0.95"
| #define STDC_HEADERS 1
| #define HAVE_SYS_TYPES_H 1
| #define HAVE_SYS_STAT_H 1
| #define HAVE_STDLIB_H 1
| #define HAVE_STRING_H 1
| #define HAVE_MEMORY_H 1
| #define HAVE_STRINGS_H 1
| #define HAVE_INTTYPES_H 1
| #define HAVE_STDINT_H 1
| #define HAVE_UNISTD_H 1
| #define __EXTENSIONS__ 1
| #define _ALL_SOURCE 1
| #define _GNU_SOURCE 1
| #define _POSIX_PTHREAD_SEMANTICS 1
| #define _TANDEM_SOURCE 1
| #define STDC_HEADERS 1
| #define HAVE_STRING_H 1
| #define HAVE_SYS_TIME_H 1
| #define HAVE_SYS_TIMES_H 1
| #define HAVE_SYS_SELECT_H 1
| #define HAVE_SYS_SYSCTL_H 1
| #define HAVE_SYS_TYPES_H 1
| #define HAVE_LINUX_VERSION_H 1
| #define HAVE_NETDB_H 1
| #define HAVE_NETINET_IN_H 1
| #define HAVE_ASM_TYPES_H 1
| #define HAVE_NETINET_ICMP6_H 1
| #define RETSIGTYPE void
| #define GNU_LINUX /**/
| #define WORDS_BIGENDIAN 1
| #define HAVE_BCOPY 1
| #define HAVE_BZERO 1
| #define HAVE_STRERROR 1
| #define HAVE_INET_ATON 1
| #define HAVE_DAEMON 1
| #define HAVE_SNPRINTF 1
| #define HAVE_VSNPRINTF 1
| #define HAVE_STRLCAT 1
| #define HAVE_STRLCPY 1
| #define HAVE_IF_NAMETOINDEX 1
| #define HAVE_IF_INDEXTONAME 1
| #define HAVE_GETIFADDRS 1
| #define HAVE_NETLINK /**/
| #define HAVE_PROC_NET_DEV /**/
| #define HAVE_PROC_NET_IF_INET6 /**/
| #define HAVE_GETADDRINFO 1
| #define HAVE_INET_NTOP /**/
| #define HAVE_INET_PTON /**/
| #define HAVE_LIBCRYPT 1
| #define HAVE_LIBM 1
| /* end confdefs.h.  */
| /* Define __inet_ntop to an innocuous variant, in case <limits.h> declares __inet_ntop.
|    For example, HP-UX 11i <limits.h> declares gettimeofday.  */
| #define __inet_ntop innocuous___inet_ntop
| 
| /* System header to define __stub macros and hopefully few prototypes,
|     which can conflict with char __inet_ntop (); below.
|     Prefer <limits.h> to <assert.h> if __STDC__ is defined, since
|     <limits.h> exists even on freestanding compilers.  */
| 
| #ifdef __STDC__
| # include <limits.h>
| #else
| # include <assert.h>
| #endif
| 
| #undef __inet_ntop
| 
| /* Override any GCC internal prototype to avoid an error.
|    Use char because int might match the return type of a GCC
|    builtin and then its argument prototype would still apply.  */
| #ifdef __cplusplus
| extern "C"
| #endif
| char __inet_ntop ();
| /* The GNU C library defines this for functions which it implements
|     to always fail with ENOSYS.  Some functions are actually named
|     something starting with __ and the normal name is an alias.  */
| #if defined __stub___inet_ntop || defined __stub_____inet_ntop
| choke me
| #endif
| 
| int
| main ()
| {
| return __inet_ntop ();
|   ;
|   return 0;
| }
configure:6267: result: no
configure:6273: checking for __inet_pton
configure:6273: mips-unknown-linux-uclibc-gcc -o conftest -g -O2 -Wall   conftest.c -lm -lcrypt  >&5
/tmp/ccUIe88W.o: In function `main':
./conftest.c:95: undefined reference to `__inet_pton'
collect2: ld returned 1 exit status
configure:6273: $? = 1
configure: failed program was:
| /* confdefs.h */
| #define PACKAGE_NAME ""
| #define PACKAGE_TARNAME ""
| #define PACKAGE_VERSION ""
| #define PACKAGE_STRING ""
| #define PACKAGE_BUGREPORT ""
| #define PACKAGE_URL ""
| #define PACKAGE "zebra"
| #define VERSION "0.95"
| #define STDC_HEADERS 1
| #define HAVE_SYS_TYPES_H 1
| #define HAVE_SYS_STAT_H 1
| #define HAVE_STDLIB_H 1
| #define HAVE_STRING_H 1
| #define HAVE_MEMORY_H 1
| #define HAVE_STRINGS_H 1
| #define HAVE_INTTYPES_H 1
| #define HAVE_STDINT_H 1
| #define HAVE_UNISTD_H 1
| #define __EXTENSIONS__ 1
| #define _ALL_SOURCE 1
| #define _GNU_SOURCE 1
| #define _POSIX_PTHREAD_SEMANTICS 1
| #define _TANDEM_SOURCE 1
| #define STDC_HEADERS 1
| #define HAVE_STRING_H 1
| #define HAVE_SYS_TIME_H 1
| #define HAVE_SYS_TIMES_H 1
| #define HAVE_SYS_SELECT_H 1
| #define HAVE_SYS_SYSCTL_H 1
| #define HAVE_SYS_TYPES_H 1
| #define HAVE_LINUX_VERSION_H 1
| #define HAVE_NETDB_H 1
| #define HAVE_NETINET_IN_H 1
| #define HAVE_ASM_TYPES_H 1
| #define HAVE_NETINET_ICMP6_H 1
| #define RETSIGTYPE void
| #define GNU_LINUX /**/
| #define WORDS_BIGENDIAN 1
| #define HAVE_BCOPY 1
| #define HAVE_BZERO 1
| #define HAVE_STRERROR 1
| #define HAVE_INET_ATON 1
| #define HAVE_DAEMON 1
| #define HAVE_SNPRINTF 1
| #define HAVE_VSNPRINTF 1
| #define HAVE_STRLCAT 1
| #define HAVE_STRLCPY 1
| #define HAVE_IF_NAMETOINDEX 1
| #define HAVE_IF_INDEXTONAME 1
| #define HAVE_GETIFADDRS 1
| #define HAVE_NETLINK /**/
| #define HAVE_PROC_NET_DEV /**/
| #define HAVE_PROC_NET_IF_INET6 /**/
| #define HAVE_GETADDRINFO 1
| #define HAVE_INET_NTOP /**/
| #define HAVE_INET_PTON /**/
| #define HAVE_LIBCRYPT 1
| #define HAVE_LIBM 1
| /* end confdefs.h.  */
| /* Define __inet_pton to an innocuous variant, in case <limits.h> declares __inet_pton.
|    For example, HP-UX 11i <limits.h> declares gettimeofday.  */
| #define __inet_pton innocuous___inet_pton
| 
| /* System header to define __stub macros and hopefully few prototypes,
|     which can conflict with char __inet_pton (); below.
|     Prefer <limits.h> to <assert.h> if __STDC__ is defined, since
|     <limits.h> exists even on freestanding compilers.  */
| 
| #ifdef __STDC__
| # include <limits.h>
| #else
| # include <assert.h>
| #endif
| 
| #undef __inet_pton
| 
| /* Override any GCC internal prototype to avoid an error.
|    Use char because int might match the return type of a GCC
|    builtin and then its argument prototype would still apply.  */
| #ifdef __cplusplus
| extern "C"
| #endif
| char __inet_pton ();
| /* The GNU C library defines this for functions which it implements
|     to always fail with ENOSYS.  Some functions are actually named
|     something starting with __ and the normal name is an alias.  */
| #if defined __stub___inet_pton || defined __stub_____inet_pton
| choke me
| #endif
| 
| int
| main ()
| {
| return __inet_pton ();
|   ;
|   return 0;
| }
configure:6273: result: no
configure:6279: checking for __inet_aton
configure:6279: mips-unknown-linux-uclibc-gcc -o conftest -g -O2 -Wall   conftest.c -lm -lcrypt  >&5
/tmp/cckoCjs6.o: In function `main':
./conftest.c:95: undefined reference to `__inet_aton'
collect2: ld returned 1 exit status
configure:6279: $? = 1
configure: failed program was:
| /* confdefs.h */
| #define PACKAGE_NAME ""
| #define PACKAGE_TARNAME ""
| #define PACKAGE_VERSION ""
| #define PACKAGE_STRING ""
| #define PACKAGE_BUGREPORT ""
| #define PACKAGE_URL ""
| #define PACKAGE "zebra"
| #define VERSION "0.95"
| #define STDC_HEADERS 1
| #define HAVE_SYS_TYPES_H 1
| #define HAVE_SYS_STAT_H 1
| #define HAVE_STDLIB_H 1
| #define HAVE_STRING_H 1
| #define HAVE_MEMORY_H 1
| #define HAVE_STRINGS_H 1
| #define HAVE_INTTYPES_H 1
| #define HAVE_STDINT_H 1
| #define HAVE_UNISTD_H 1
| #define __EXTENSIONS__ 1
| #define _ALL_SOURCE 1
| #define _GNU_SOURCE 1
| #define _POSIX_PTHREAD_SEMANTICS 1
| #define _TANDEM_SOURCE 1
| #define STDC_HEADERS 1
| #define HAVE_STRING_H 1
| #define HAVE_SYS_TIME_H 1
| #define HAVE_SYS_TIMES_H 1
| #define HAVE_SYS_SELECT_H 1
| #define HAVE_SYS_SYSCTL_H 1
| #define HAVE_SYS_TYPES_H 1
| #define HAVE_LINUX_VERSION_H 1
| #define HAVE_NETDB_H 1
| #define HAVE_NETINET_IN_H 1
| #define HAVE_ASM_TYPES_H 1
| #define HAVE_NETINET_ICMP6_H 1
| #define RETSIGTYPE void
| #define GNU_LINUX /**/
| #define WORDS_BIGENDIAN 1
| #define HAVE_BCOPY 1
| #define HAVE_BZERO 1
| #define HAVE_STRERROR 1
| #define HAVE_INET_ATON 1
| #define HAVE_DAEMON 1
| #define HAVE_SNPRINTF 1
| #define HAVE_VSNPRINTF 1
| #define HAVE_STRLCAT 1
| #define HAVE_STRLCPY 1
| #define HAVE_IF_NAMETOINDEX 1
| #define HAVE_IF_INDEXTONAME 1
| #define HAVE_GETIFADDRS 1
| #define HAVE_NETLINK /**/
| #define HAVE_PROC_NET_DEV /**/
| #define HAVE_PROC_NET_IF_INET6 /**/
| #define HAVE_GETADDRINFO 1
| #define HAVE_INET_NTOP /**/
| #define HAVE_INET_PTON /**/
| #define HAVE_LIBCRYPT 1
| #define HAVE_LIBM 1
| /* end confdefs.h.  */
| /* Define __inet_aton to an innocuous variant, in case <limits.h> declares __inet_aton.
|    For example, HP-UX 11i <limits.h> declares gettimeofday.  */
| #define __inet_aton innocuous___inet_aton
| 
| /* System header to define __stub macros and hopefully few prototypes,
|     which can conflict with char __inet_aton (); below.
|     Prefer <limits.h> to <assert.h> if __STDC__ is defined, since
|     <limits.h> exists even on freestanding compilers.  */
| 
| #ifdef __STDC__
| # include <limits.h>
| #else
| # include <assert.h>
| #endif
| 
| #undef __inet_aton
| 
| /* Override any GCC internal prototype to avoid an error.
|    Use char because int might match the return type of a GCC
|    builtin and then its argument prototype would still apply.  */
| #ifdef __cplusplus
| extern "C"
| #endif
| char __inet_aton ();
| /* The GNU C library defines this for functions which it implements
|     to always fail with ENOSYS.  Some functions are actually named
|     something starting with __ and the normal name is an alias.  */
| #if defined __stub___inet_aton || defined __stub_____inet_aton
| choke me
| #endif
| 
| int
| main ()
| {
| return __inet_aton ();
|   ;
|   return 0;
| }
configure:6279: result: no
configure:6286: checking for regexec in -lc
configure:6311: mips-unknown-linux-uclibc-gcc -o conftest -g -O2 -Wall   conftest.c -lc  -lm -lcrypt  >&5
configure:6311: $? = 0
configure:6320: result: yes
configure:6623: checking whether struct sockaddr has a sa_len field
configure:6638: mips-unknown-linux-uclibc-gcc -c -g -O2 -Wall  conftest.c >&5
conftest.c: In function 'main':
conftest.c:68: error: 'struct sockaddr' has no member named 'sa_len'
conftest.c:68: warning: unused variable 'ac_j'
configure:6638: $? = 1
configure: failed program was:
| /* confdefs.h */
| #define PACKAGE_NAME ""
| #define PACKAGE_TARNAME ""
| #define PACKAGE_VERSION ""
| #define PACKAGE_STRING ""
| #define PACKAGE_BUGREPORT ""
| #define PACKAGE_URL ""
| #define PACKAGE "zebra"
| #define VERSION "0.95"
| #define STDC_HEADERS 1
| #define HAVE_SYS_TYPES_H 1
| #define HAVE_SYS_STAT_H 1
| #define HAVE_STDLIB_H 1
| #define HAVE_STRING_H 1
| #define HAVE_MEMORY_H 1
| #define HAVE_STRINGS_H 1
| #define HAVE_INTTYPES_H 1
| #define HAVE_STDINT_H 1
| #define HAVE_UNISTD_H 1
| #define __EXTENSIONS__ 1
| #define _ALL_SOURCE 1
| #define _GNU_SOURCE 1
| #define _POSIX_PTHREAD_SEMANTICS 1
| #define _TANDEM_SOURCE 1
| #define STDC_HEADERS 1
| #define HAVE_STRING_H 1
| #define HAVE_SYS_TIME_H 1
| #define HAVE_SYS_TIMES_H 1
| #define HAVE_SYS_SELECT_H 1
| #define HAVE_SYS_SYSCTL_H 1
| #define HAVE_SYS_TYPES_H 1
| #define HAVE_LINUX_VERSION_H 1
| #define HAVE_NETDB_H 1
| #define HAVE_NETINET_IN_H 1
| #define HAVE_ASM_TYPES_H 1
| #define HAVE_NETINET_ICMP6_H 1
| #define RETSIGTYPE void
| #define GNU_LINUX /**/
| #define WORDS_BIGENDIAN 1
| #define HAVE_BCOPY 1
| #define HAVE_BZERO 1
| #define HAVE_STRERROR 1
| #define HAVE_INET_ATON 1
| #define HAVE_DAEMON 1
| #define HAVE_SNPRINTF 1
| #define HAVE_VSNPRINTF 1
| #define HAVE_STRLCAT 1
| #define HAVE_STRLCPY 1
| #define HAVE_IF_NAMETOINDEX 1
| #define HAVE_IF_INDEXTONAME 1
| #define HAVE_GETIFADDRS 1
| #define HAVE_NETLINK /**/
| #define HAVE_PROC_NET_DEV /**/
| #define HAVE_PROC_NET_IF_INET6 /**/
| #define HAVE_GETADDRINFO 1
| #define HAVE_INET_NTOP /**/
| #define HAVE_INET_PTON /**/
| #define HAVE_LIBCRYPT 1
| #define HAVE_LIBM 1
| #define HAVE_GNU_REGEX /**/
| /* end confdefs.h.  */
| #include <sys/types.h>
| #include <sys/socket.h>
| 
| int
| main ()
| {
| static struct sockaddr ac_i;int ac_j = sizeof (ac_i.sa_len);
|   ;
|   return 0;
| }
configure:6645: result: no
configure:6650: checking whether struct sockaddr_in has a sin_len field
configure:6665: mips-unknown-linux-uclibc-gcc -c -g -O2 -Wall  conftest.c >&5
conftest.c: In function 'main':
conftest.c:68: error: 'struct sockaddr_in' has no member named 'sin_len'
conftest.c:68: warning: unused variable 'ac_j'
configure:6665: $? = 1
configure: failed program was:
| /* confdefs.h */
| #define PACKAGE_NAME ""
| #define PACKAGE_TARNAME ""
| #define PACKAGE_VERSION ""
| #define PACKAGE_STRING ""
| #define PACKAGE_BUGREPORT ""
| #define PACKAGE_URL ""
| #define PACKAGE "zebra"
| #define VERSION "0.95"
| #define STDC_HEADERS 1
| #define HAVE_SYS_TYPES_H 1
| #define HAVE_SYS_STAT_H 1
| #define HAVE_STDLIB_H 1
| #define HAVE_STRING_H 1
| #define HAVE_MEMORY_H 1
| #define HAVE_STRINGS_H 1
| #define HAVE_INTTYPES_H 1
| #define HAVE_STDINT_H 1
| #define HAVE_UNISTD_H 1
| #define __EXTENSIONS__ 1
| #define _ALL_SOURCE 1
| #define _GNU_SOURCE 1
| #define _POSIX_PTHREAD_SEMANTICS 1
| #define _TANDEM_SOURCE 1
| #define STDC_HEADERS 1
| #define HAVE_STRING_H 1
| #define HAVE_SYS_TIME_H 1
| #define HAVE_SYS_TIMES_H 1
| #define HAVE_SYS_SELECT_H 1
| #define HAVE_SYS_SYSCTL_H 1
| #define HAVE_SYS_TYPES_H 1
| #define HAVE_LINUX_VERSION_H 1
| #define HAVE_NETDB_H 1
| #define HAVE_NETINET_IN_H 1
| #define HAVE_ASM_TYPES_H 1
| #define HAVE_NETINET_ICMP6_H 1
| #define RETSIGTYPE void
| #define GNU_LINUX /**/
| #define WORDS_BIGENDIAN 1
| #define HAVE_BCOPY 1
| #define HAVE_BZERO 1
| #define HAVE_STRERROR 1
| #define HAVE_INET_ATON 1
| #define HAVE_DAEMON 1
| #define HAVE_SNPRINTF 1
| #define HAVE_VSNPRINTF 1
| #define HAVE_STRLCAT 1
| #define HAVE_STRLCPY 1
| #define HAVE_IF_NAMETOINDEX 1
| #define HAVE_IF_INDEXTONAME 1
| #define HAVE_GETIFADDRS 1
| #define HAVE_NETLINK /**/
| #define HAVE_PROC_NET_DEV /**/
| #define HAVE_PROC_NET_IF_INET6 /**/
| #define HAVE_GETADDRINFO 1
| #define HAVE_INET_NTOP /**/
| #define HAVE_INET_PTON /**/
| #define HAVE_LIBCRYPT 1
| #define HAVE_LIBM 1
| #define HAVE_GNU_REGEX /**/
| /* end confdefs.h.  */
| #include <sys/types.h>
| #include <netinet/in.h>
| 
| int
| main ()
| {
| static struct sockaddr_in ac_i;int ac_j = sizeof (ac_i.sin_len);
|   ;
|   return 0;
| }
configure:6672: result: no
configure:6677: checking whether struct sockaddr_un has a sun_len field
configure:6692: mips-unknown-linux-uclibc-gcc -c -g -O2 -Wall  conftest.c >&5
conftest.c: In function 'main':
conftest.c:68: error: 'struct sockaddr_un' has no member named 'sun_len'
conftest.c:68: warning: unused variable 'ac_j'
configure:6692: $? = 1
configure: failed program was:
| /* confdefs.h */
| #define PACKAGE_NAME ""
| #define PACKAGE_TARNAME ""
| #define PACKAGE_VERSION ""
| #define PACKAGE_STRING ""
| #define PACKAGE_BUGREPORT ""
| #define PACKAGE_URL ""
| #define PACKAGE "zebra"
| #define VERSION "0.95"
| #define STDC_HEADERS 1
| #define HAVE_SYS_TYPES_H 1
| #define HAVE_SYS_STAT_H 1
| #define HAVE_STDLIB_H 1
| #define HAVE_STRING_H 1
| #define HAVE_MEMORY_H 1
| #define HAVE_STRINGS_H 1
| #define HAVE_INTTYPES_H 1
| #define HAVE_STDINT_H 1
| #define HAVE_UNISTD_H 1
| #define __EXTENSIONS__ 1
| #define _ALL_SOURCE 1
| #define _GNU_SOURCE 1
| #define _POSIX_PTHREAD_SEMANTICS 1
| #define _TANDEM_SOURCE 1
| #define STDC_HEADERS 1
| #define HAVE_STRING_H 1
| #define HAVE_SYS_TIME_H 1
| #define HAVE_SYS_TIMES_H 1
| #define HAVE_SYS_SELECT_H 1
| #define HAVE_SYS_SYSCTL_H 1
| #define HAVE_SYS_TYPES_H 1
| #define HAVE_LINUX_VERSION_H 1
| #define HAVE_NETDB_H 1
| #define HAVE_NETINET_IN_H 1
| #define HAVE_ASM_TYPES_H 1
| #define HAVE_NETINET_ICMP6_H 1
| #define RETSIGTYPE void
| #define GNU_LINUX /**/
| #define WORDS_BIGENDIAN 1
| #define HAVE_BCOPY 1
| #define HAVE_BZERO 1
| #define HAVE_STRERROR 1
| #define HAVE_INET_ATON 1
| #define HAVE_DAEMON 1
| #define HAVE_SNPRINTF 1
| #define HAVE_VSNPRINTF 1
| #define HAVE_STRLCAT 1
| #define HAVE_STRLCPY 1
| #define HAVE_IF_NAMETOINDEX 1
| #define HAVE_IF_INDEXTONAME 1
| #define HAVE_GETIFADDRS 1
| #define HAVE_NETLINK /**/
| #define HAVE_PROC_NET_DEV /**/
| #define HAVE_PROC_NET_IF_INET6 /**/
| #define HAVE_GETADDRINFO 1
| #define HAVE_INET_NTOP /**/
| #define HAVE_INET_PTON /**/
| #define HAVE_LIBCRYPT 1
| #define HAVE_LIBM 1
| #define HAVE_GNU_REGEX /**/
| /* end confdefs.h.  */
| #include <sys/types.h>
| #include <sys/un.h>
| 
| int
| main ()
| {
| static struct sockaddr_un ac_i;int ac_j = sizeof (ac_i.sun_len);
|   ;
|   return 0;
| }
configure:6699: result: no
configure:6762: checking whther socklen_t is defined
configure:6778: mips-unknown-linux-uclibc-gcc -c -g -O2 -Wall  conftest.c >&5
conftest.c: In function 'main':
conftest.c:69: warning: unused variable 'ac_x'
configure:6778: $? = 0
configure:6779: result: yes
configure:6790: checking whether struct sockaddr_dl exist
conftest.c:63:23: error: net/if_dl.h: No such file or directory
configure:6805: result: no
configure:6811: checking whether struct ifaliasreq exist
configure:6826: result: no
configure:6832: checking whether struct if6_aliasreq exist
conftest.c:63:30: error: netinet6/in6_var.h: No such file or directory
configure:6847: result: no
configure:6853: checking whether struct rt_addrinfo exist
configure:6868: result: no
configure:6874: checking whether struct in_pktinfo exist
configure:6888: mips-unknown-linux-uclibc-gcc -c -g -O2 -Wall  conftest.c >&5
conftest.c: In function 'main':
conftest.c:68: warning: unused variable 'ac_x'
configure:6888: $? = 0
configure:6889: result: yes
configure:6900: checking whether getrusage is available
configure:6914: mips-unknown-linux-uclibc-gcc -c -g -O2 -Wall  conftest.c >&5
configure:6914: $? = 0
configure:6915: result: yes
configure:6930: checking pid file directory
configure:6944: result: /var/run
configure:6978: checking for working htonl
configure:7003: mips-unknown-linux-uclibc-gcc -o conftest -g -O2 -Wall   conftest.c -lm -lcrypt  >&5
conftest.c: In function 'main':
conftest.c:83: warning: statement with no effect
configure:7003: $? = 0
configure:7012: result: yes
configure:7124: creating ./config.status

## ---------------- ##
## Cache variables. ##
## ---------------- ##

ac_cv_build=i686-pc-linux-gnu
ac_cv_c_bigendian=yes
ac_cv_c_compiler_gnu=yes
ac_cv_c_const=yes
ac_cv_env_CC_set=set
ac_cv_env_CC_value=mips-unknown-linux-uclibc-gcc
ac_cv_env_CFLAGS_set=
ac_cv_env_CFLAGS_value=
ac_cv_env_CPPFLAGS_set=
ac_cv_env_CPPFLAGS_value=
ac_cv_env_CPP_set=
ac_cv_env_CPP_value=
ac_cv_env_LDFLAGS_set=
ac_cv_env_LDFLAGS_value=
ac_cv_env_LIBS_set=
ac_cv_env_LIBS_value=
ac_cv_env_build_alias_set=
ac_cv_env_build_alias_value=
ac_cv_env_host_alias_set=set
ac_cv_env_host_alias_value=mips-linux
ac_cv_env_target_alias_set=
ac_cv_env_target_alias_value=
ac_cv_func___inet_aton=no
ac_cv_func___inet_ntop=no
ac_cv_func___inet_pton=no
ac_cv_func_bcopy=yes
ac_cv_func_bzero=yes
ac_cv_func_daemon=yes
ac_cv_func_getaddrinfo=yes
ac_cv_func_getifaddrs=yes
ac_cv_func_if_indextoname=yes
ac_cv_func_if_nametoindex=yes
ac_cv_func_inet_aton=yes
ac_cv_func_setproctitle=no
ac_cv_func_snprintf=yes
ac_cv_func_strerror=yes
ac_cv_func_strlcat=yes
ac_cv_func_strlcpy=yes
ac_cv_func_vsnprintf=yes
ac_cv_header_asm_types_h=yes
ac_cv_header_inet_nd_h=no
ac_cv_header_inttypes_h=yes
ac_cv_header_kvm_h=no
ac_cv_header_libutil_h=no
ac_cv_header_linux_version_h=yes
ac_cv_header_memory_h=yes
ac_cv_header_minix_config_h=no
ac_cv_header_net_if_dl_h=no
ac_cv_header_net_if_var_h=no
ac_cv_header_net_netopt_h=no
ac_cv_header_netdb_h=yes
ac_cv_header_netinet6_nd6_h=no
ac_cv_header_netinet_icmp6_h=yes
ac_cv_header_netinet_in6_h=no
ac_cv_header_netinet_in6_var_h=no
ac_cv_header_netinet_in_h=yes
ac_cv_header_netinet_in_var_h=no
ac_cv_header_stdc=yes
ac_cv_header_stdint_h=yes
ac_cv_header_stdlib_h=yes
ac_cv_header_string_h=yes
ac_cv_header_strings_h=yes
ac_cv_header_stropts_h=no
ac_cv_header_sys_conf_h=no
ac_cv_header_sys_ksym_h=no
ac_cv_header_sys_select_h=yes
ac_cv_header_sys_sockio_h=no
ac_cv_header_sys_stat_h=yes
ac_cv_header_sys_sysctl_h=yes
ac_cv_header_sys_time_h=yes
ac_cv_header_sys_times_h=yes
ac_cv_header_sys_types_h=yes
ac_cv_header_unistd_h=yes
ac_cv_host=mips-mips-linux-gnu
ac_cv_htonl_works=yes
ac_cv_lib_c_inet_ntop=yes
ac_cv_lib_c_inet_pton=yes
ac_cv_lib_c_regexec=yes
ac_cv_lib_crypt_crypt=yes
ac_cv_lib_m_main=yes
ac_cv_lib_resolv_res_init=no
ac_cv_lib_util_setproctitle=no
ac_cv_objext=o
ac_cv_path_EGREP='/bin/grep -E'
ac_cv_path_GREP=/bin/grep
ac_cv_path_install='/usr/bin/install -c'
ac_cv_prog_AR=mips-unknown-linux-uclibc-ar
ac_cv_prog_AWK=gawk
ac_cv_prog_CC=mips-unknown-linux-uclibc-gcc
ac_cv_prog_CPP='mips-unknown-linux-uclibc-gcc -E'
ac_cv_prog_RANLIB=mips-unknown-linux-uclibc-ranlib
ac_cv_prog_STRIP=mips-unknown-linux-uclibc-strip
ac_cv_prog_cc_c89=
ac_cv_prog_cc_g=yes
ac_cv_prog_make_make_set=yes
ac_cv_safe_to_define___extensions__=yes
ac_cv_type_signal=void
am_cv_CC_dependencies_compiler_type=gcc3

## ----------------- ##
## Output variables. ##
## ----------------- ##

ACLOCAL='${SHELL} ./missing --run aclocal-1.6'
AMDEPBACKSLASH='\'
AMDEP_FALSE='#'
AMDEP_TRUE=''
AMTAR='${SHELL} ./missing --run tar'
AR='mips-unknown-linux-uclibc-ar'
AUTOCONF='${SHELL} ./missing --run autoconf'
AUTOHEADER='${SHELL} ./missing --run autoheader'
AUTOMAKE='${SHELL} ./missing --run automake-1.6'
AWK='gawk'
BGPD=''
CC='mips-unknown-linux-uclibc-gcc'
CCDEPMODE='depmode=gcc3'
CFLAGS='-g -O2 -Wall'
CPP='mips-unknown-linux-uclibc-gcc -E'
CPPFLAGS=''
CURSES=''
DEFS='-DHAVE_CONFIG_H'
DEPDIR='.deps'
ECHO_C=''
ECHO_N='-n'
ECHO_T=''
EGREP='/bin/grep -E'
EXEEXT=''
GREP='/bin/grep'
IF_METHOD='if_netlink.o'
IF_PROC='if_proc.o'
INCLUDES=''
INSTALL_DATA='${INSTALL} -m 644'
INSTALL_PROGRAM='${INSTALL}'
INSTALL_SCRIPT='${INSTALL}'
INSTALL_STRIP_PROGRAM='${SHELL} $(install_sh) -c -s'
IPFORWARD='ipforward_proc.o'
KERNEL_METHOD=''
LDFLAGS=''
LIBOBJS=''
LIBPAM=''
LIBS='-lm -lcrypt '
LIB_IPV6=''
LIB_REGEX=''
LTLIBOBJS=''
MAKEINFO='${SHELL} ./missing --run makeinfo'
MULTIPATH_NUM='1'
OBJEXT='o'
OSPF6D=''
OSPFD=''
OTHER_METHOD=''
PACKAGE='zebra'
PACKAGE_BUGREPORT=''
PACKAGE_NAME=''
PACKAGE_STRING=''
PACKAGE_TARNAME=''
PACKAGE_URL=''
PACKAGE_VERSION=''
PATH_SEPARATOR=':'
RANLIB='mips-unknown-linux-uclibc-ranlib'
RIPD='ripd'
RIPNGD=''
RTREAD_METHOD='rtread_netlink.o'
RT_METHOD='rt_netlink.o'
SET_MAKE=''
SHELL='/bin/sh'
STRIP='mips-unknown-linux-uclibc-strip'
VERSION='0.95a'
VTYSH=''
ZEBRA='zebra'
ac_ct_CC=''
am__include='include'
am__quote=''
bindir='${exec_prefix}/bin'
build='i686-pc-linux-gnu'
build_alias=''
build_cpu='i686'
build_os='linux-gnu'
build_vendor='pc'
datadir='${datarootdir}'
datarootdir='${prefix}/share'
docdir='${datarootdir}/doc/${PACKAGE}'
dvidir='${docdir}'
exec_prefix='${prefix}'
host='mips-mips-linux-gnu'
host_alias='mips-linux'
host_cpu='mips'
host_os='linux-gnu'
host_vendor='mips'
htmldir='${docdir}'
includedir='${prefix}/include'
infodir='${datarootdir}/info'
install_sh='./install-sh'
libdir='${exec_prefix}/lib'
libexecdir='${exec_prefix}/libexec'
localedir='${datarootdir}/locale'
localstatedir='${prefix}/var'
mandir='${datarootdir}/man'
oldincludedir='/usr/include'
pdfdir='${docdir}'
prefix='/usr/local'
program_transform_name='s,x,x,'
psdir='${docdir}'
sbindir='${exec_prefix}/sbin'
sharedstatedir='${prefix}/com'
sysconfdir='${prefix}/etc'
target_alias=''

## ----------- ##
## confdefs.h. ##
## ----------- ##

/* confdefs.h */
#define PACKAGE_NAME ""
#define PACKAGE_TARNAME ""
#define PACKAGE_VERSION ""
#define PACKAGE_STRING ""
#define PACKAGE_BUGREPORT ""
#define PACKAGE_URL ""
#define PACKAGE "zebra"
#define VERSION "0.95"
#define STDC_HEADERS 1
#define HAVE_SYS_TYPES_H 1
#define HAVE_SYS_STAT_H 1
#define HAVE_STDLIB_H 1
#define HAVE_STRING_H 1
#define HAVE_MEMORY_H 1
#define HAVE_STRINGS_H 1
#define HAVE_INTTYPES_H 1
#define HAVE_STDINT_H 1
#define HAVE_UNISTD_H 1
#define __EXTENSIONS__ 1
#define _ALL_SOURCE 1
#define _GNU_SOURCE 1
#define _POSIX_PTHREAD_SEMANTICS 1
#define _TANDEM_SOURCE 1
#define STDC_HEADERS 1
#define HAVE_STRING_H 1
#define HAVE_SYS_TIME_H 1
#define HAVE_SYS_TIMES_H 1
#define HAVE_SYS_SELECT_H 1
#define HAVE_SYS_SYSCTL_H 1
#define HAVE_SYS_TYPES_H 1
#define HAVE_LINUX_VERSION_H 1
#define HAVE_NETDB_H 1
#define HAVE_NETINET_IN_H 1
#define HAVE_ASM_TYPES_H 1
#define HAVE_NETINET_ICMP6_H 1
#define RETSIGTYPE void
#define GNU_LINUX /**/
#define WORDS_BIGENDIAN 1
#define HAVE_BCOPY 1
#define HAVE_BZERO 1
#define HAVE_STRERROR 1
#define HAVE_INET_ATON 1
#define HAVE_DAEMON 1
#define HAVE_SNPRINTF 1
#define HAVE_VSNPRINTF 1
#define HAVE_STRLCAT 1
#define HAVE_STRLCPY 1
#define HAVE_IF_NAMETOINDEX 1
#define HAVE_IF_INDEXTONAME 1
#define HAVE_GETIFADDRS 1
#define HAVE_NETLINK /**/
#define HAVE_PROC_NET_DEV /**/
#define HAVE_PROC_NET_IF_INET6 /**/
#define HAVE_GETADDRINFO 1
#define HAVE_INET_NTOP /**/
#define HAVE_INET_PTON /**/
#define HAVE_LIBCRYPT 1
#define HAVE_LIBM 1
#define HAVE_GNU_REGEX /**/
#define HAVE_SOCKLEN_T /**/
#define HAVE_INPKTINFO /**/
#define HAVE_RUSAGE /**/
#define PATH_ZEBRA_PID "/var/run/zebra.pid"
#define PATH_RIPD_PID "/var/run/ripd.pid"
#define PATH_RIPNGD_PID "/var/run/ripngd.pid"
#define PATH_BGPD_PID "/var/run/bgpd.pid"
#define PATH_OSPFD_PID "/var/run/ospfd.pid"
#define PATH_OSPF6D_PID "/var/run/ospf6d.pid"

configure: exit 0

## ---------------------- ##
## Running config.status. ##
## ---------------------- ##

This file was extended by config.status, which was
generated by GNU Autoconf 2.65.  Invocation command line was

  CONFIG_FILES    = 
  CONFIG_HEADERS  = 
  CONFIG_LINKS    = 
  CONFIG_COMMANDS = 
  $ ./config.status Makefile

on centos

config.status:927: creating Makefile
config.status:1030: WARNING:  'Makefile.in' seems to ignore the --datarootdir setting

## ---------------------- ##
## Running config.status. ##
## ---------------------- ##

This file was extended by config.status, which was
generated by GNU Autoconf 2.65.  Invocation command line was

  CONFIG_FILES    = 
  CONFIG_HEADERS  = 
  CONFIG_LINKS    = 
  CONFIG_COMMANDS = 
  $ ./config.status config.h

on centos

config.status:927: creating config.h

## ---------------------- ##
## Running config.status. ##
## ---------------------- ##

This file was extended by config.status, which was
generated by GNU Autoconf 2.65.  Invocation command line was

  CONFIG_FILES    = 
  CONFIG_HEADERS  = 
  CONFIG_LINKS    = 
  CONFIG_COMMANDS = 
  $ ./config.status doc/Makefile

on centos

config.status:927: creating doc/Makefile
config.status:1030: WARNING:  'doc/Makefile.in' seems to ignore the --datarootdir setting
